{"/Users/anthonyviard/projects/entando/entando-blueprint/generators/entity-server/lib/index.js":{"path":"/Users/anthonyviard/projects/entando/entando-blueprint/generators/entity-server/lib/index.js","statementMap":{"0":{"start":{"line":1,"column":25},"end":{"line":1,"column":56}},"1":{"start":{"line":2,"column":27},"end":{"line":2,"column":60}},"2":{"start":{"line":3,"column":18},"end":{"line":3,"column":41}},"3":{"start":{"line":4,"column":24},"end":{"line":4,"column":54}},"4":{"start":{"line":5,"column":20},"end":{"line":5,"column":47}},"5":{"start":{"line":7,"column":0},"end":{"line":13,"column":2}}},"fnMap":{},"branchMap":{},"s":{"0":1,"1":1,"2":1,"3":1,"4":1,"5":1},"f":{},"b":{},"_coverageSchema":"1a1c01bbd47fc00a2c39e90264f33305004495a9","hash":"a980889e5931da4770c0dfa7e271de7ca448ea43","contentHash":"44852fbbc72aac661e893b8142abc1b882782cf37f2394dcacbca6da92c42617"},"/Users/anthonyviard/projects/entando/entando-blueprint/generators/entity-server/lib/material-ui.mapper.js":{"path":"/Users/anthonyviard/projects/entando/entando-blueprint/generators/entity-server/lib/material-ui.mapper.js","statementMap":{"0":{"start":{"line":1,"column":23},"end":{"line":1,"column":56}},"1":{"start":{"line":4,"column":2},"end":{"line":4,"column":19}},"2":{"start":{"line":4,"column":12},"end":{"line":4,"column":19}},"3":{"start":{"line":7,"column":2},"end":{"line":9,"column":40}},"4":{"start":{"line":8,"column":37},"end":{"line":8,"column":63}},"5":{"start":{"line":13,"column":23},"end":{"line":13,"column":32}},"6":{"start":{"line":14,"column":2},"end":{"line":33,"column":5}},"7":{"start":{"line":15,"column":4},"end":{"line":31,"column":5}},"8":{"start":{"line":16,"column":6},"end":{"line":16,"column":73}},"9":{"start":{"line":17,"column":11},"end":{"line":31,"column":5}},"10":{"start":{"line":18,"column":6},"end":{"line":18,"column":71}},"11":{"start":{"line":19,"column":6},"end":{"line":19,"column":87}},"12":{"start":{"line":20,"column":11},"end":{"line":31,"column":5}},"13":{"start":{"line":21,"column":33},"end":{"line":23,"column":22}},"14":{"start":{"line":25,"column":6},"end":{"line":25,"column":100}},"15":{"start":{"line":26,"column":6},"end":{"line":26,"column":66}},"16":{"start":{"line":27,"column":6},"end":{"line":27,"column":70}},"17":{"start":{"line":28,"column":11},"end":{"line":31,"column":5}},"18":{"start":{"line":29,"column":6},"end":{"line":29,"column":75}},"19":{"start":{"line":30,"column":6},"end":{"line":30,"column":67}},"20":{"start":{"line":35,"column":2},"end":{"line":35,"column":22}},"21":{"start":{"line":39,"column":20},"end":{"line":39,"column":57}},"22":{"start":{"line":41,"column":2},"end":{"line":43,"column":3}},"23":{"start":{"line":42,"column":4},"end":{"line":42,"column":23}},"24":{"start":{"line":44,"column":2},"end":{"line":46,"column":3}},"25":{"start":{"line":45,"column":4},"end":{"line":45,"column":24}},"26":{"start":{"line":47,"column":2},"end":{"line":49,"column":3}},"27":{"start":{"line":48,"column":4},"end":{"line":48,"column":28}},"28":{"start":{"line":50,"column":2},"end":{"line":52,"column":3}},"29":{"start":{"line":51,"column":4},"end":{"line":51,"column":22}},"30":{"start":{"line":53,"column":2},"end":{"line":55,"column":3}},"31":{"start":{"line":54,"column":4},"end":{"line":54,"column":20}},"32":{"start":{"line":56,"column":2},"end":{"line":58,"column":3}},"33":{"start":{"line":57,"column":4},"end":{"line":57,"column":23}},"34":{"start":{"line":60,"column":2},"end":{"line":60,"column":21}},"35":{"start":{"line":63,"column":0},"end":{"line":66,"column":2}}},"fnMap":{"0":{"name":"setOrAdd","decl":{"start":{"line":3,"column":9},"end":{"line":3,"column":17}},"loc":{"start":{"line":3,"column":43},"end":{"line":10,"column":1}},"line":3},"1":{"name":"(anonymous_1)","decl":{"start":{"line":8,"column":25},"end":{"line":8,"column":26}},"loc":{"start":{"line":8,"column":37},"end":{"line":8,"column":63}},"line":8},"2":{"name":"buildDependencies","decl":{"start":{"line":12,"column":9},"end":{"line":12,"column":26}},"loc":{"start":{"line":12,"column":35},"end":{"line":36,"column":1}},"line":12},"3":{"name":"(anonymous_3)","decl":{"start":{"line":14,"column":17},"end":{"line":14,"column":18}},"loc":{"start":{"line":14,"column":26},"end":{"line":33,"column":3}},"line":14},"4":{"name":"getMuiInput","decl":{"start":{"line":38,"column":9},"end":{"line":38,"column":20}},"loc":{"start":{"line":38,"column":28},"end":{"line":61,"column":1}},"line":38}},"branchMap":{"0":{"loc":{"start":{"line":4,"column":2},"end":{"line":4,"column":19}},"type":"if","locations":[{"start":{"line":4,"column":2},"end":{"line":4,"column":19}},{"start":{"line":4,"column":2},"end":{"line":4,"column":19}}],"line":4},"1":{"loc":{"start":{"line":7,"column":2},"end":{"line":9,"column":39}},"type":"cond-expr","locations":[{"start":{"line":8,"column":6},"end":{"line":8,"column":64}},{"start":{"line":9,"column":6},"end":{"line":9,"column":39}}],"line":7},"2":{"loc":{"start":{"line":15,"column":4},"end":{"line":31,"column":5}},"type":"if","locations":[{"start":{"line":15,"column":4},"end":{"line":31,"column":5}},{"start":{"line":15,"column":4},"end":{"line":31,"column":5}}],"line":15},"3":{"loc":{"start":{"line":17,"column":11},"end":{"line":31,"column":5}},"type":"if","locations":[{"start":{"line":17,"column":11},"end":{"line":31,"column":5}},{"start":{"line":17,"column":11},"end":{"line":31,"column":5}}],"line":17},"4":{"loc":{"start":{"line":20,"column":11},"end":{"line":31,"column":5}},"type":"if","locations":[{"start":{"line":20,"column":11},"end":{"line":31,"column":5}},{"start":{"line":20,"column":11},"end":{"line":31,"column":5}}],"line":20},"5":{"loc":{"start":{"line":21,"column":33},"end":{"line":23,"column":22}},"type":"cond-expr","locations":[{"start":{"line":22,"column":10},"end":{"line":22,"column":26}},{"start":{"line":23,"column":10},"end":{"line":23,"column":22}}],"line":21},"6":{"loc":{"start":{"line":28,"column":11},"end":{"line":31,"column":5}},"type":"if","locations":[{"start":{"line":28,"column":11},"end":{"line":31,"column":5}},{"start":{"line":28,"column":11},"end":{"line":31,"column":5}}],"line":28},"7":{"loc":{"start":{"line":41,"column":2},"end":{"line":43,"column":3}},"type":"if","locations":[{"start":{"line":41,"column":2},"end":{"line":43,"column":3}},{"start":{"line":41,"column":2},"end":{"line":43,"column":3}}],"line":41},"8":{"loc":{"start":{"line":44,"column":2},"end":{"line":46,"column":3}},"type":"if","locations":[{"start":{"line":44,"column":2},"end":{"line":46,"column":3}},{"start":{"line":44,"column":2},"end":{"line":46,"column":3}}],"line":44},"9":{"loc":{"start":{"line":47,"column":2},"end":{"line":49,"column":3}},"type":"if","locations":[{"start":{"line":47,"column":2},"end":{"line":49,"column":3}},{"start":{"line":47,"column":2},"end":{"line":49,"column":3}}],"line":47},"10":{"loc":{"start":{"line":50,"column":2},"end":{"line":52,"column":3}},"type":"if","locations":[{"start":{"line":50,"column":2},"end":{"line":52,"column":3}},{"start":{"line":50,"column":2},"end":{"line":52,"column":3}}],"line":50},"11":{"loc":{"start":{"line":53,"column":2},"end":{"line":55,"column":3}},"type":"if","locations":[{"start":{"line":53,"column":2},"end":{"line":55,"column":3}},{"start":{"line":53,"column":2},"end":{"line":55,"column":3}}],"line":53},"12":{"loc":{"start":{"line":56,"column":2},"end":{"line":58,"column":3}},"type":"if","locations":[{"start":{"line":56,"column":2},"end":{"line":58,"column":3}},{"start":{"line":56,"column":2},"end":{"line":58,"column":3}}],"line":56}},"s":{"0":1,"1":47,"2":0,"3":47,"4":17,"5":18,"6":18,"7":26,"8":13,"9":13,"10":3,"11":3,"12":10,"13":8,"14":8,"15":8,"16":8,"17":2,"18":2,"19":2,"20":18,"21":28,"22":28,"23":12,"24":16,"25":2,"26":14,"27":4,"28":10,"29":2,"30":8,"31":2,"32":6,"33":6,"34":0,"35":1},"f":{"0":47,"1":17,"2":18,"3":26,"4":28},"b":{"0":[0,47],"1":[14,33],"2":[13,13],"3":[3,10],"4":[8,2],"5":[5,3],"6":[2,0],"7":[12,16],"8":[2,14],"9":[4,10],"10":[2,8],"11":[2,6],"12":[6,0]},"_coverageSchema":"1a1c01bbd47fc00a2c39e90264f33305004495a9","hash":"044c15e53586902a4de623bf96eb42b953817db3","contentHash":"5d386ae284ca72eebc0f7face97dd3903584bdbd1e293c81d08a04df669bed9b"},"/Users/anthonyviard/projects/entando/entando-blueprint/generators/entity-server/lib/jhipster-type.mapper.js":{"path":"/Users/anthonyviard/projects/entando/entando-blueprint/generators/entity-server/lib/jhipster-type.mapper.js","statementMap":{"0":{"start":{"line":7,"column":2},"end":{"line":22,"column":3}},"1":{"start":{"line":21,"column":4},"end":{"line":21,"column":21}},"2":{"start":{"line":24,"column":2},"end":{"line":26,"column":3}},"3":{"start":{"line":25,"column":4},"end":{"line":25,"column":18}},"4":{"start":{"line":28,"column":2},"end":{"line":38,"column":3}},"5":{"start":{"line":29,"column":4},"end":{"line":31,"column":5}},"6":{"start":{"line":30,"column":6},"end":{"line":30,"column":25}},"7":{"start":{"line":32,"column":4},"end":{"line":34,"column":5}},"8":{"start":{"line":33,"column":6},"end":{"line":33,"column":30}},"9":{"start":{"line":35,"column":4},"end":{"line":37,"column":5}},"10":{"start":{"line":36,"column":6},"end":{"line":36,"column":24}},"11":{"start":{"line":40,"column":2},"end":{"line":42,"column":4}},"12":{"start":{"line":45,"column":0},"end":{"line":47,"column":2}}},"fnMap":{"0":{"name":"getJHipsterType","decl":{"start":{"line":6,"column":9},"end":{"line":6,"column":24}},"loc":{"start":{"line":6,"column":75},"end":{"line":43,"column":1}},"line":6}},"branchMap":{"0":{"loc":{"start":{"line":7,"column":2},"end":{"line":22,"column":3}},"type":"if","locations":[{"start":{"line":7,"column":2},"end":{"line":22,"column":3}},{"start":{"line":7,"column":2},"end":{"line":22,"column":3}}],"line":7},"1":{"loc":{"start":{"line":24,"column":2},"end":{"line":26,"column":3}},"type":"if","locations":[{"start":{"line":24,"column":2},"end":{"line":26,"column":3}},{"start":{"line":24,"column":2},"end":{"line":26,"column":3}}],"line":24},"2":{"loc":{"start":{"line":28,"column":2},"end":{"line":38,"column":3}},"type":"if","locations":[{"start":{"line":28,"column":2},"end":{"line":38,"column":3}},{"start":{"line":28,"column":2},"end":{"line":38,"column":3}}],"line":28},"3":{"loc":{"start":{"line":28,"column":6},"end":{"line":28,"column":52}},"type":"binary-expr","locations":[{"start":{"line":28,"column":6},"end":{"line":28,"column":28}},{"start":{"line":28,"column":32},"end":{"line":28,"column":52}}],"line":28},"4":{"loc":{"start":{"line":29,"column":4},"end":{"line":31,"column":5}},"type":"if","locations":[{"start":{"line":29,"column":4},"end":{"line":31,"column":5}},{"start":{"line":29,"column":4},"end":{"line":31,"column":5}}],"line":29},"5":{"loc":{"start":{"line":32,"column":4},"end":{"line":34,"column":5}},"type":"if","locations":[{"start":{"line":32,"column":4},"end":{"line":34,"column":5}},{"start":{"line":32,"column":4},"end":{"line":34,"column":5}}],"line":32},"6":{"loc":{"start":{"line":35,"column":4},"end":{"line":37,"column":5}},"type":"if","locations":[{"start":{"line":35,"column":4},"end":{"line":37,"column":5}},{"start":{"line":35,"column":4},"end":{"line":37,"column":5}}],"line":35}},"s":{"0":17,"1":13,"2":4,"3":1,"4":3,"5":3,"6":1,"7":2,"8":1,"9":1,"10":1,"11":0,"12":1},"f":{"0":17},"b":{"0":[13,4],"1":[1,3],"2":[3,0],"3":[3,3],"4":[1,2],"5":[1,1],"6":[1,0]},"_coverageSchema":"1a1c01bbd47fc00a2c39e90264f33305004495a9","hash":"b1d752892519468752c6086ed830399355c6ec8e","contentHash":"82928c52864f8cd258f49e64ab8aba2c31916f394d21520a208acf1f1d979768"},"/Users/anthonyviard/projects/entando/entando-blueprint/generators/entity-server/lib/yup.mapper.js":{"path":"/Users/anthonyviard/projects/entando/entando-blueprint/generators/entity-server/lib/yup.mapper.js","statementMap":{"0":{"start":{"line":1,"column":23},"end":{"line":1,"column":56}},"1":{"start":{"line":4,"column":20},"end":{"line":4,"column":57}},"2":{"start":{"line":5,"column":2},"end":{"line":27,"column":3}},"3":{"start":{"line":7,"column":6},"end":{"line":7,"column":26}},"4":{"start":{"line":13,"column":6},"end":{"line":13,"column":26}},"5":{"start":{"line":17,"column":6},"end":{"line":17,"column":38}},"6":{"start":{"line":19,"column":6},"end":{"line":19,"column":27}},"7":{"start":{"line":24,"column":6},"end":{"line":24,"column":26}},"8":{"start":{"line":26,"column":6},"end":{"line":26,"column":23}},"9":{"start":{"line":31,"column":29},"end":{"line":31,"column":59}},"10":{"start":{"line":33,"column":2},"end":{"line":55,"column":4}},"11":{"start":{"line":36,"column":22},"end":{"line":36,"column":100}},"12":{"start":{"line":38,"column":8},"end":{"line":53,"column":9}},"13":{"start":{"line":40,"column":12},"end":{"line":40,"column":32}},"14":{"start":{"line":42,"column":12},"end":{"line":42,"column":63}},"15":{"start":{"line":44,"column":12},"end":{"line":44,"column":63}},"16":{"start":{"line":46,"column":12},"end":{"line":46,"column":67}},"17":{"start":{"line":48,"column":12},"end":{"line":48,"column":57}},"18":{"start":{"line":50,"column":12},"end":{"line":50,"column":57}},"19":{"start":{"line":52,"column":12},"end":{"line":52,"column":29}},"20":{"start":{"line":59,"column":2},"end":{"line":64,"column":5}},"21":{"start":{"line":60,"column":25},"end":{"line":60,"column":42}},"22":{"start":{"line":61,"column":26},"end":{"line":61,"column":54}},"23":{"start":{"line":63,"column":4},"end":{"line":63,"column":87}},"24":{"start":{"line":67,"column":0},"end":{"line":71,"column":2}}},"fnMap":{"0":{"name":"getYupType","decl":{"start":{"line":3,"column":9},"end":{"line":3,"column":19}},"loc":{"start":{"line":3,"column":27},"end":{"line":28,"column":1}},"line":3},"1":{"name":"getYupValidationRules","decl":{"start":{"line":30,"column":9},"end":{"line":30,"column":30}},"loc":{"start":{"line":30,"column":38},"end":{"line":56,"column":1}},"line":30},"2":{"name":"(anonymous_2)","decl":{"start":{"line":36,"column":14},"end":{"line":36,"column":15}},"loc":{"start":{"line":36,"column":22},"end":{"line":36,"column":100}},"line":36},"3":{"name":"(anonymous_3)","decl":{"start":{"line":37,"column":11},"end":{"line":37,"column":12}},"loc":{"start":{"line":37,"column":19},"end":{"line":54,"column":7}},"line":37},"4":{"name":"getYupValues","decl":{"start":{"line":58,"column":9},"end":{"line":58,"column":21}},"loc":{"start":{"line":58,"column":30},"end":{"line":65,"column":1}},"line":58},"5":{"name":"(anonymous_5)","decl":{"start":{"line":59,"column":20},"end":{"line":59,"column":21}},"loc":{"start":{"line":59,"column":29},"end":{"line":64,"column":3}},"line":59}},"branchMap":{"0":{"loc":{"start":{"line":5,"column":2},"end":{"line":27,"column":3}},"type":"switch","locations":[{"start":{"line":6,"column":4},"end":{"line":7,"column":26}},{"start":{"line":8,"column":4},"end":{"line":8,"column":19}},{"start":{"line":9,"column":4},"end":{"line":9,"column":16}},{"start":{"line":10,"column":4},"end":{"line":10,"column":17}},{"start":{"line":11,"column":4},"end":{"line":11,"column":18}},{"start":{"line":12,"column":4},"end":{"line":13,"column":26}},{"start":{"line":14,"column":4},"end":{"line":14,"column":21}},{"start":{"line":15,"column":4},"end":{"line":15,"column":19}},{"start":{"line":16,"column":4},"end":{"line":17,"column":38}},{"start":{"line":18,"column":4},"end":{"line":19,"column":27}},{"start":{"line":20,"column":4},"end":{"line":20,"column":16}},{"start":{"line":21,"column":4},"end":{"line":21,"column":21}},{"start":{"line":22,"column":4},"end":{"line":22,"column":26}},{"start":{"line":23,"column":4},"end":{"line":24,"column":26}},{"start":{"line":25,"column":4},"end":{"line":26,"column":23}}],"line":5},"1":{"loc":{"start":{"line":31,"column":29},"end":{"line":31,"column":59}},"type":"binary-expr","locations":[{"start":{"line":31,"column":29},"end":{"line":31,"column":53}},{"start":{"line":31,"column":57},"end":{"line":31,"column":59}}],"line":31},"2":{"loc":{"start":{"line":38,"column":8},"end":{"line":53,"column":9}},"type":"switch","locations":[{"start":{"line":39,"column":10},"end":{"line":40,"column":32}},{"start":{"line":41,"column":10},"end":{"line":42,"column":63}},{"start":{"line":43,"column":10},"end":{"line":44,"column":63}},{"start":{"line":45,"column":10},"end":{"line":46,"column":67}},{"start":{"line":47,"column":10},"end":{"line":48,"column":57}},{"start":{"line":49,"column":10},"end":{"line":50,"column":57}},{"start":{"line":51,"column":10},"end":{"line":52,"column":29}}],"line":38}},"s":{"0":1,"1":18,"2":18,"3":4,"4":5,"5":3,"6":1,"7":4,"8":1,"9":11,"10":11,"11":17,"12":15,"13":5,"14":2,"15":2,"16":2,"17":2,"18":2,"19":0,"20":6,"21":3,"22":3,"23":3,"24":1},"f":{"0":18,"1":11,"2":17,"3":15,"4":6,"5":3},"b":{"0":[4,1,2,3,4,5,1,2,3,1,1,2,3,4,1],"1":[11,0],"2":[5,2,2,2,2,2,0]},"_coverageSchema":"1a1c01bbd47fc00a2c39e90264f33305004495a9","hash":"a3136180bb7cd5c9da2fc69c9ebcfbe995f6974c","contentHash":"c8af936dc193d127bf9b0b44923a6f73390e765b2da34e520757e3564cbb553c"},"/Users/anthonyviard/projects/entando/entando-blueprint/generators/entity-server/lib/prop-types.mapper.js":{"path":"/Users/anthonyviard/projects/entando/entando-blueprint/generators/entity-server/lib/prop-types.mapper.js","statementMap":{"0":{"start":{"line":1,"column":23},"end":{"line":1,"column":56}},"1":{"start":{"line":4,"column":20},"end":{"line":4,"column":57}},"2":{"start":{"line":6,"column":2},"end":{"line":26,"column":3}},"3":{"start":{"line":15,"column":6},"end":{"line":15,"column":32}},"4":{"start":{"line":21,"column":6},"end":{"line":21,"column":32}},"5":{"start":{"line":23,"column":6},"end":{"line":23,"column":30}},"6":{"start":{"line":25,"column":6},"end":{"line":25,"column":29}},"7":{"start":{"line":30,"column":2},"end":{"line":30,"column":104}},"8":{"start":{"line":34,"column":20},"end":{"line":34,"column":57}},"9":{"start":{"line":36,"column":2},"end":{"line":57,"column":3}},"10":{"start":{"line":42,"column":6},"end":{"line":42,"column":34}},"11":{"start":{"line":48,"column":6},"end":{"line":48,"column":54}},"12":{"start":{"line":52,"column":6},"end":{"line":52,"column":64}},"13":{"start":{"line":54,"column":6},"end":{"line":54,"column":32}},"14":{"start":{"line":56,"column":6},"end":{"line":56,"column":31}},"15":{"start":{"line":61,"column":20},"end":{"line":61,"column":57}},"16":{"start":{"line":63,"column":2},"end":{"line":81,"column":3}},"17":{"start":{"line":78,"column":6},"end":{"line":78,"column":53}},"18":{"start":{"line":80,"column":6},"end":{"line":80,"column":31}},"19":{"start":{"line":85,"column":20},"end":{"line":85,"column":57}},"20":{"start":{"line":87,"column":2},"end":{"line":105,"column":3}},"21":{"start":{"line":102,"column":6},"end":{"line":102,"column":55}},"22":{"start":{"line":104,"column":6},"end":{"line":104,"column":31}},"23":{"start":{"line":108,"column":0},"end":{"line":114,"column":2}}},"fnMap":{"0":{"name":"getPropType","decl":{"start":{"line":3,"column":9},"end":{"line":3,"column":20}},"loc":{"start":{"line":3,"column":28},"end":{"line":27,"column":1}},"line":3},"1":{"name":"isRequiredPropType","decl":{"start":{"line":29,"column":9},"end":{"line":29,"column":27}},"loc":{"start":{"line":29,"column":35},"end":{"line":31,"column":1}},"line":29},"2":{"name":"getFormikValuePropType","decl":{"start":{"line":33,"column":9},"end":{"line":33,"column":31}},"loc":{"start":{"line":33,"column":39},"end":{"line":58,"column":1}},"line":33},"3":{"name":"getFormikTouchedPropType","decl":{"start":{"line":60,"column":9},"end":{"line":60,"column":33}},"loc":{"start":{"line":60,"column":41},"end":{"line":82,"column":1}},"line":60},"4":{"name":"getFormikErrorPropType","decl":{"start":{"line":84,"column":9},"end":{"line":84,"column":31}},"loc":{"start":{"line":84,"column":39},"end":{"line":106,"column":1}},"line":84}},"branchMap":{"0":{"loc":{"start":{"line":6,"column":2},"end":{"line":26,"column":3}},"type":"switch","locations":[{"start":{"line":7,"column":4},"end":{"line":7,"column":18}},{"start":{"line":8,"column":4},"end":{"line":8,"column":21}},{"start":{"line":9,"column":4},"end":{"line":9,"column":19}},{"start":{"line":10,"column":4},"end":{"line":10,"column":25}},{"start":{"line":11,"column":4},"end":{"line":11,"column":16}},{"start":{"line":12,"column":4},"end":{"line":12,"column":21}},{"start":{"line":13,"column":4},"end":{"line":13,"column":26}},{"start":{"line":14,"column":4},"end":{"line":15,"column":32}},{"start":{"line":16,"column":4},"end":{"line":16,"column":19}},{"start":{"line":17,"column":4},"end":{"line":17,"column":16}},{"start":{"line":18,"column":4},"end":{"line":18,"column":17}},{"start":{"line":19,"column":4},"end":{"line":19,"column":18}},{"start":{"line":20,"column":4},"end":{"line":21,"column":32}},{"start":{"line":22,"column":4},"end":{"line":23,"column":30}},{"start":{"line":24,"column":4},"end":{"line":25,"column":29}}],"line":6},"1":{"loc":{"start":{"line":30,"column":9},"end":{"line":30,"column":103}},"type":"cond-expr","locations":[{"start":{"line":30,"column":85},"end":{"line":30,"column":98}},{"start":{"line":30,"column":101},"end":{"line":30,"column":103}}],"line":30},"2":{"loc":{"start":{"line":30,"column":9},"end":{"line":30,"column":82}},"type":"binary-expr","locations":[{"start":{"line":30,"column":9},"end":{"line":30,"column":33}},{"start":{"line":30,"column":37},"end":{"line":30,"column":82}}],"line":30},"3":{"loc":{"start":{"line":36,"column":2},"end":{"line":57,"column":3}},"type":"switch","locations":[{"start":{"line":37,"column":4},"end":{"line":37,"column":18}},{"start":{"line":38,"column":4},"end":{"line":38,"column":16}},{"start":{"line":39,"column":4},"end":{"line":39,"column":21}},{"start":{"line":40,"column":4},"end":{"line":40,"column":26}},{"start":{"line":41,"column":4},"end":{"line":42,"column":34}},{"start":{"line":43,"column":4},"end":{"line":43,"column":19}},{"start":{"line":44,"column":4},"end":{"line":44,"column":16}},{"start":{"line":45,"column":4},"end":{"line":45,"column":17}},{"start":{"line":46,"column":4},"end":{"line":46,"column":18}},{"start":{"line":47,"column":4},"end":{"line":48,"column":54}},{"start":{"line":49,"column":4},"end":{"line":49,"column":21}},{"start":{"line":50,"column":4},"end":{"line":50,"column":19}},{"start":{"line":51,"column":4},"end":{"line":52,"column":64}},{"start":{"line":53,"column":4},"end":{"line":54,"column":32}},{"start":{"line":55,"column":4},"end":{"line":56,"column":31}}],"line":36},"4":{"loc":{"start":{"line":63,"column":2},"end":{"line":81,"column":3}},"type":"switch","locations":[{"start":{"line":64,"column":4},"end":{"line":64,"column":18}},{"start":{"line":65,"column":4},"end":{"line":65,"column":19}},{"start":{"line":66,"column":4},"end":{"line":66,"column":16}},{"start":{"line":67,"column":4},"end":{"line":67,"column":17}},{"start":{"line":68,"column":4},"end":{"line":68,"column":18}},{"start":{"line":69,"column":4},"end":{"line":69,"column":22}},{"start":{"line":70,"column":4},"end":{"line":70,"column":21}},{"start":{"line":71,"column":4},"end":{"line":71,"column":19}},{"start":{"line":72,"column":4},"end":{"line":72,"column":25}},{"start":{"line":73,"column":4},"end":{"line":73,"column":19}},{"start":{"line":74,"column":4},"end":{"line":74,"column":16}},{"start":{"line":75,"column":4},"end":{"line":75,"column":21}},{"start":{"line":76,"column":4},"end":{"line":76,"column":26}},{"start":{"line":77,"column":4},"end":{"line":78,"column":53}},{"start":{"line":79,"column":4},"end":{"line":80,"column":31}}],"line":63},"5":{"loc":{"start":{"line":87,"column":2},"end":{"line":105,"column":3}},"type":"switch","locations":[{"start":{"line":88,"column":4},"end":{"line":88,"column":18}},{"start":{"line":89,"column":4},"end":{"line":89,"column":19}},{"start":{"line":90,"column":4},"end":{"line":90,"column":16}},{"start":{"line":91,"column":4},"end":{"line":91,"column":17}},{"start":{"line":92,"column":4},"end":{"line":92,"column":18}},{"start":{"line":93,"column":4},"end":{"line":93,"column":22}},{"start":{"line":94,"column":4},"end":{"line":94,"column":21}},{"start":{"line":95,"column":4},"end":{"line":95,"column":19}},{"start":{"line":96,"column":4},"end":{"line":96,"column":25}},{"start":{"line":97,"column":4},"end":{"line":97,"column":19}},{"start":{"line":98,"column":4},"end":{"line":98,"column":16}},{"start":{"line":99,"column":4},"end":{"line":99,"column":21}},{"start":{"line":100,"column":4},"end":{"line":100,"column":26}},{"start":{"line":101,"column":4},"end":{"line":102,"column":55}},{"start":{"line":103,"column":4},"end":{"line":104,"column":31}}],"line":87}},"s":{"0":1,"1":15,"2":15,"3":8,"4":5,"5":1,"6":1,"7":4,"8":15,"9":15,"10":5,"11":5,"12":3,"13":1,"14":1,"15":15,"16":15,"17":14,"18":1,"19":15,"20":15,"21":14,"22":1,"23":1},"f":{"0":15,"1":4,"2":15,"3":15,"4":15},"b":{"0":[1,2,3,4,5,6,7,8,1,2,3,4,5,1,1],"1":[2,2],"2":[4,3],"3":[1,2,3,4,5,1,2,3,4,5,1,2,3,1,1],"4":[1,2,3,4,5,6,7,8,9,10,11,12,13,14,1],"5":[1,2,3,4,5,6,7,8,9,10,11,12,13,14,1]},"_coverageSchema":"1a1c01bbd47fc00a2c39e90264f33305004495a9","hash":"b75e2518766fdfd76968c04a203604c7138e28f3","contentHash":"1aebebf9dcf4105fc8cb23ed2c8aee033a2141f14a00fc087a64e67700d7b18f"},"/Users/anthonyviard/projects/entando/entando-blueprint/generators/entity-server/lib/mfe-test-tools.js":{"path":"/Users/anthonyviard/projects/entando/entando-blueprint/generators/entity-server/lib/mfe-test-tools.js","statementMap":{"0":{"start":{"line":1,"column":15},"end":{"line":1,"column":32}},"1":{"start":{"line":3,"column":23},"end":{"line":3,"column":56}},"2":{"start":{"line":6,"column":2},"end":{"line":34,"column":3}},"3":{"start":{"line":8,"column":6},"end":{"line":8,"column":25}},"4":{"start":{"line":12,"column":6},"end":{"line":12,"column":30}},"5":{"start":{"line":14,"column":6},"end":{"line":14,"column":27}},"6":{"start":{"line":16,"column":6},"end":{"line":16,"column":29}},"7":{"start":{"line":18,"column":6},"end":{"line":18,"column":39}},"8":{"start":{"line":21,"column":6},"end":{"line":21,"column":36}},"9":{"start":{"line":23,"column":6},"end":{"line":23,"column":30}},"10":{"start":{"line":25,"column":25},"end":{"line":25,"column":47}},"11":{"start":{"line":26,"column":6},"end":{"line":26,"column":71}},"12":{"start":{"line":31,"column":6},"end":{"line":31,"column":108}},"13":{"start":{"line":33,"column":6},"end":{"line":33,"column":25}},"14":{"start":{"line":38,"column":2},"end":{"line":47,"column":5}},"15":{"start":{"line":39,"column":4},"end":{"line":46,"column":6}},"16":{"start":{"line":41,"column":26},"end":{"line":41,"column":63}},"17":{"start":{"line":42,"column":27},"end":{"line":42,"column":62}},"18":{"start":{"line":43,"column":8},"end":{"line":43,"column":57}},"19":{"start":{"line":50,"column":0},"end":{"line":53,"column":2}}},"fnMap":{"0":{"name":"getGeneratedValue","decl":{"start":{"line":5,"column":9},"end":{"line":5,"column":26}},"loc":{"start":{"line":5,"column":55},"end":{"line":35,"column":1}},"line":5},"1":{"name":"getMockData","decl":{"start":{"line":37,"column":9},"end":{"line":37,"column":20}},"loc":{"start":{"line":37,"column":36},"end":{"line":48,"column":1}},"line":37},"2":{"name":"(anonymous_2)","decl":{"start":{"line":38,"column":39},"end":{"line":38,"column":40}},"loc":{"start":{"line":38,"column":57},"end":{"line":47,"column":3}},"line":38},"3":{"name":"(anonymous_3)","decl":{"start":{"line":40,"column":6},"end":{"line":40,"column":7}},"loc":{"start":{"line":40,"column":22},"end":{"line":44,"column":7}},"line":40}},"branchMap":{"0":{"loc":{"start":{"line":6,"column":2},"end":{"line":34,"column":3}},"type":"switch","locations":[{"start":{"line":7,"column":4},"end":{"line":8,"column":25}},{"start":{"line":9,"column":4},"end":{"line":9,"column":19}},{"start":{"line":10,"column":4},"end":{"line":10,"column":16}},{"start":{"line":11,"column":4},"end":{"line":12,"column":30}},{"start":{"line":13,"column":4},"end":{"line":14,"column":27}},{"start":{"line":15,"column":4},"end":{"line":16,"column":29}},{"start":{"line":17,"column":4},"end":{"line":18,"column":39}},{"start":{"line":19,"column":4},"end":{"line":19,"column":19}},{"start":{"line":20,"column":4},"end":{"line":21,"column":36}},{"start":{"line":22,"column":4},"end":{"line":23,"column":30}},{"start":{"line":24,"column":4},"end":{"line":27,"column":5}},{"start":{"line":28,"column":4},"end":{"line":28,"column":21}},{"start":{"line":29,"column":4},"end":{"line":29,"column":26}},{"start":{"line":30,"column":4},"end":{"line":31,"column":108}},{"start":{"line":32,"column":4},"end":{"line":33,"column":25}}],"line":6}},"s":{"0":1,"1":1,"2":23,"3":0,"4":3,"5":1,"6":1,"7":1,"8":2,"9":1,"10":1,"11":1,"12":3,"13":10,"14":8,"15":14,"16":9,"17":9,"18":9,"19":1},"f":{"0":23,"1":8,"2":14,"3":9},"b":{"0":[0,1,2,3,1,1,1,1,2,1,1,1,2,3,10]},"_coverageSchema":"1a1c01bbd47fc00a2c39e90264f33305004495a9","hash":"73bcda1a10e920f786a4a18da876fd49a5522bcb","contentHash":"39d60a18dec73f3b4cb0aa950f2984a087a5111dd0a4e2358625c006e6c048f4"},"/Users/anthonyviard/projects/entando/entando-blueprint/generators/app/index.js":{"path":"/Users/anthonyviard/projects/entando/entando-blueprint/generators/app/index.js","statementMap":{"0":{"start":{"line":1,"column":14},"end":{"line":1,"column":30}},"1":{"start":{"line":3,"column":21},"end":{"line":3,"column":65}},"2":{"start":{"line":5,"column":39},"end":{"line":5,"column":68}},"3":{"start":{"line":7,"column":0},"end":{"line":60,"column":2}},"4":{"start":{"line":9,"column":4},"end":{"line":9,"column":50}},"5":{"start":{"line":11,"column":4},"end":{"line":11,"column":56}},"6":{"start":{"line":12,"column":22},"end":{"line":12,"column":42}},"7":{"start":{"line":14,"column":4},"end":{"line":20,"column":5}},"8":{"start":{"line":15,"column":6},"end":{"line":19,"column":8}},"9":{"start":{"line":22,"column":4},"end":{"line":22,"column":55}},"10":{"start":{"line":24,"column":4},"end":{"line":24,"column":56}},"11":{"start":{"line":29,"column":4},"end":{"line":29,"column":33}},"12":{"start":{"line":36,"column":65},"end":{"line":36,"column":83}},"13":{"start":{"line":38,"column":4},"end":{"line":38,"column":76}},"14":{"start":{"line":43,"column":4},"end":{"line":43,"column":32}},"15":{"start":{"line":48,"column":4},"end":{"line":48,"column":28}},"16":{"start":{"line":53,"column":4},"end":{"line":53,"column":28}},"17":{"start":{"line":58,"column":4},"end":{"line":58,"column":24}}},"fnMap":{"0":{"name":"(anonymous_0)","decl":{"start":{"line":8,"column":2},"end":{"line":8,"column":3}},"loc":{"start":{"line":8,"column":26},"end":{"line":25,"column":3}},"line":8},"1":{"name":"(anonymous_1)","decl":{"start":{"line":27,"column":2},"end":{"line":27,"column":3}},"loc":{"start":{"line":27,"column":21},"end":{"line":30,"column":3}},"line":27},"2":{"name":"(anonymous_2)","decl":{"start":{"line":32,"column":2},"end":{"line":32,"column":3}},"loc":{"start":{"line":32,"column":18},"end":{"line":39,"column":3}},"line":32},"3":{"name":"(anonymous_3)","decl":{"start":{"line":41,"column":2},"end":{"line":41,"column":3}},"loc":{"start":{"line":41,"column":20},"end":{"line":44,"column":3}},"line":41},"4":{"name":"(anonymous_4)","decl":{"start":{"line":46,"column":2},"end":{"line":46,"column":3}},"loc":{"start":{"line":46,"column":16},"end":{"line":49,"column":3}},"line":46},"5":{"name":"(anonymous_5)","decl":{"start":{"line":51,"column":2},"end":{"line":51,"column":3}},"loc":{"start":{"line":51,"column":16},"end":{"line":54,"column":3}},"line":51},"6":{"name":"(anonymous_6)","decl":{"start":{"line":56,"column":2},"end":{"line":56,"column":3}},"loc":{"start":{"line":56,"column":12},"end":{"line":59,"column":3}},"line":56}},"branchMap":{"0":{"loc":{"start":{"line":14,"column":4},"end":{"line":20,"column":5}},"type":"if","locations":[{"start":{"line":14,"column":4},"end":{"line":20,"column":5}},{"start":{"line":14,"column":4},"end":{"line":20,"column":5}}],"line":14},"1":{"loc":{"start":{"line":22,"column":25},"end":{"line":22,"column":54}},"type":"binary-expr","locations":[{"start":{"line":22,"column":25},"end":{"line":22,"column":48}},{"start":{"line":22,"column":52},"end":{"line":22,"column":54}}],"line":22}},"s":{"0":1,"1":1,"2":1,"3":1,"4":1,"5":1,"6":1,"7":1,"8":0,"9":1,"10":1,"11":1,"12":1,"13":1,"14":1,"15":1,"16":1,"17":1},"f":{"0":1,"1":1,"2":1,"3":1,"4":1,"5":1,"6":1},"b":{"0":[0,1],"1":[1,0]},"_coverageSchema":"1a1c01bbd47fc00a2c39e90264f33305004495a9","hash":"6b581f096fc720a437403d119cc97ec7cc7471e5","contentHash":"7dc61b9c22d9b78c0fe7244966a1dbedf9e6451c9a580684b0067322d337ce71"},"/Users/anthonyviard/projects/entando/entando-blueprint/generators/app/phases/prompting/index.js":{"path":"/Users/anthonyviard/projects/entando/entando-blueprint/generators/app/phases/prompting/index.js","statementMap":{"0":{"start":{"line":2,"column":2},"end":{"line":4,"column":3}},"1":{"start":{"line":3,"column":4},"end":{"line":3,"column":11}},"2":{"start":{"line":7,"column":2},"end":{"line":7,"column":54}},"3":{"start":{"line":8,"column":2},"end":{"line":8,"column":60}},"4":{"start":{"line":11,"column":2},"end":{"line":11,"column":38}},"5":{"start":{"line":12,"column":2},"end":{"line":12,"column":46}},"6":{"start":{"line":15,"column":0},"end":{"line":15,"column":43}}},"fnMap":{"0":{"name":"askForApplicationType","decl":{"start":{"line":1,"column":9},"end":{"line":1,"column":30}},"loc":{"start":{"line":1,"column":37},"end":{"line":13,"column":1}},"line":1}},"branchMap":{"0":{"loc":{"start":{"line":2,"column":2},"end":{"line":4,"column":3}},"type":"if","locations":[{"start":{"line":2,"column":2},"end":{"line":4,"column":3}},{"start":{"line":2,"column":2},"end":{"line":4,"column":3}}],"line":2},"1":{"loc":{"start":{"line":2,"column":6},"end":{"line":2,"column":35}},"type":"binary-expr","locations":[{"start":{"line":2,"column":6},"end":{"line":2,"column":11}},{"start":{"line":2,"column":15},"end":{"line":2,"column":35}}],"line":2}},"s":{"0":1,"1":0,"2":1,"3":1,"4":1,"5":1,"6":1},"f":{"0":1},"b":{"0":[0,1],"1":[1,1]},"_coverageSchema":"1a1c01bbd47fc00a2c39e90264f33305004495a9","hash":"10e1985679597176741afd40daaff7e1229ce25d","contentHash":"7c10569b3b20958d0b16839b0fd4af43a36d35bfa6e69ef7e24dcb362efb76b2"},"/Users/anthonyviard/projects/entando/entando-blueprint/generators/server/index.js":{"path":"/Users/anthonyviard/projects/entando/entando-blueprint/generators/server/index.js","statementMap":{"0":{"start":{"line":1,"column":14},"end":{"line":1,"column":30}},"1":{"start":{"line":3,"column":24},"end":{"line":3,"column":71}},"2":{"start":{"line":5,"column":39},"end":{"line":5,"column":68}},"3":{"start":{"line":6,"column":37},"end":{"line":6,"column":64}},"4":{"start":{"line":8,"column":0},"end":{"line":63,"column":2}},"5":{"start":{"line":10,"column":4},"end":{"line":10,"column":50}},"6":{"start":{"line":12,"column":4},"end":{"line":12,"column":56}},"7":{"start":{"line":13,"column":22},"end":{"line":13,"column":42}},"8":{"start":{"line":15,"column":4},"end":{"line":21,"column":5}},"9":{"start":{"line":16,"column":6},"end":{"line":20,"column":8}},"10":{"start":{"line":23,"column":4},"end":{"line":23,"column":55}},"11":{"start":{"line":25,"column":4},"end":{"line":25,"column":50}},"12":{"start":{"line":31,"column":4},"end":{"line":31,"column":33}},"13":{"start":{"line":37,"column":4},"end":{"line":37,"column":32}},"14":{"start":{"line":42,"column":35},"end":{"line":42,"column":53}},"15":{"start":{"line":44,"column":4},"end":{"line":44,"column":76}},"16":{"start":{"line":49,"column":4},"end":{"line":49,"column":28}},"17":{"start":{"line":54,"column":33},"end":{"line":54,"column":49}},"18":{"start":{"line":56,"column":4},"end":{"line":56,"column":72}},"19":{"start":{"line":61,"column":4},"end":{"line":61,"column":24}}},"fnMap":{"0":{"name":"(anonymous_0)","decl":{"start":{"line":9,"column":2},"end":{"line":9,"column":3}},"loc":{"start":{"line":9,"column":26},"end":{"line":26,"column":3}},"line":9},"1":{"name":"(anonymous_1)","decl":{"start":{"line":28,"column":2},"end":{"line":28,"column":3}},"loc":{"start":{"line":28,"column":21},"end":{"line":32,"column":3}},"line":28},"2":{"name":"(anonymous_2)","decl":{"start":{"line":34,"column":2},"end":{"line":34,"column":3}},"loc":{"start":{"line":34,"column":20},"end":{"line":38,"column":3}},"line":34},"3":{"name":"(anonymous_3)","decl":{"start":{"line":40,"column":2},"end":{"line":40,"column":3}},"loc":{"start":{"line":40,"column":18},"end":{"line":45,"column":3}},"line":40},"4":{"name":"(anonymous_4)","decl":{"start":{"line":47,"column":2},"end":{"line":47,"column":3}},"loc":{"start":{"line":47,"column":16},"end":{"line":50,"column":3}},"line":47},"5":{"name":"(anonymous_5)","decl":{"start":{"line":52,"column":2},"end":{"line":52,"column":3}},"loc":{"start":{"line":52,"column":16},"end":{"line":57,"column":3}},"line":52},"6":{"name":"(anonymous_6)","decl":{"start":{"line":59,"column":2},"end":{"line":59,"column":3}},"loc":{"start":{"line":59,"column":12},"end":{"line":62,"column":3}},"line":59}},"branchMap":{"0":{"loc":{"start":{"line":15,"column":4},"end":{"line":21,"column":5}},"type":"if","locations":[{"start":{"line":15,"column":4},"end":{"line":21,"column":5}},{"start":{"line":15,"column":4},"end":{"line":21,"column":5}}],"line":15},"1":{"loc":{"start":{"line":23,"column":25},"end":{"line":23,"column":54}},"type":"binary-expr","locations":[{"start":{"line":23,"column":25},"end":{"line":23,"column":48}},{"start":{"line":23,"column":52},"end":{"line":23,"column":54}}],"line":23}},"s":{"0":1,"1":1,"2":1,"3":1,"4":1,"5":3,"6":3,"7":3,"8":3,"9":0,"10":3,"11":3,"12":3,"13":3,"14":3,"15":3,"16":3,"17":3,"18":3,"19":3},"f":{"0":3,"1":3,"2":3,"3":3,"4":3,"5":3,"6":3},"b":{"0":[0,3],"1":[3,0]},"_coverageSchema":"1a1c01bbd47fc00a2c39e90264f33305004495a9","hash":"bc1e5be48fa447b247aaea0c02707da559d61959","contentHash":"e4d8c36cd3df21dac526bab24d5c7494cc0e5489cf204306ae50b8e21196fb51"},"/Users/anthonyviard/projects/entando/entando-blueprint/generators/server/phases/prompting/index.js":{"path":"/Users/anthonyviard/projects/entando/entando-blueprint/generators/server/phases/prompting/index.js","statementMap":{"0":{"start":{"line":1,"column":14},"end":{"line":1,"column":30}},"1":{"start":{"line":3,"column":18},"end":{"line":3,"column":78}},"2":{"start":{"line":4,"column":42},"end":{"line":4,"column":88}},"3":{"start":{"line":5,"column":30},"end":{"line":5,"column":74}},"4":{"start":{"line":7,"column":0},"end":{"line":17,"column":2}},"5":{"start":{"line":20,"column":2},"end":{"line":20,"column":28}},"6":{"start":{"line":20,"column":21},"end":{"line":20,"column":28}},"7":{"start":{"line":22,"column":2},"end":{"line":22,"column":27}},"8":{"start":{"line":26,"column":2},"end":{"line":26,"column":44}},"9":{"start":{"line":26,"column":37},"end":{"line":26,"column":44}},"10":{"start":{"line":28,"column":30},"end":{"line":28,"column":34}},"11":{"start":{"line":29,"column":23},"end":{"line":29,"column":27}},"12":{"start":{"line":30,"column":20},"end":{"line":30,"column":67}},"13":{"start":{"line":31,"column":2},"end":{"line":33,"column":3}},"14":{"start":{"line":32,"column":4},"end":{"line":32,"column":25}},"15":{"start":{"line":34,"column":18},"end":{"line":283,"column":3}},"16":{"start":{"line":37,"column":8},"end":{"line":37,"column":104}},"17":{"start":{"line":40,"column":26},"end":{"line":40,"column":94}},"18":{"start":{"line":49,"column":8},"end":{"line":51,"column":82}},"19":{"start":{"line":151,"column":21},"end":{"line":151,"column":23}},"20":{"start":{"line":152,"column":8},"end":{"line":157,"column":9}},"21":{"start":{"line":153,"column":10},"end":{"line":156,"column":13}},"22":{"start":{"line":173,"column":8},"end":{"line":178,"column":9}},"23":{"start":{"line":174,"column":10},"end":{"line":177,"column":13}},"24":{"start":{"line":179,"column":8},"end":{"line":179,"column":20}},"25":{"start":{"line":184,"column":24},"end":{"line":184,"column":55}},"26":{"start":{"line":205,"column":24},"end":{"line":205,"column":55}},"27":{"start":{"line":210,"column":8},"end":{"line":219,"column":93}},"28":{"start":{"line":219,"column":53},"end":{"line":219,"column":91}},"29":{"start":{"line":223,"column":18},"end":{"line":223,"column":27}},"30":{"start":{"line":259,"column":8},"end":{"line":261,"column":39}},"31":{"start":{"line":285,"column":2},"end":{"line":285,"column":27}},"32":{"start":{"line":285,"column":12},"end":{"line":285,"column":27}},"33":{"start":{"line":287,"column":15},"end":{"line":287,"column":27}},"34":{"start":{"line":289,"column":2},"end":{"line":365,"column":5}},"35":{"start":{"line":290,"column":4},"end":{"line":290,"column":77}},"36":{"start":{"line":291,"column":4},"end":{"line":291,"column":72}},"37":{"start":{"line":295,"column":4},"end":{"line":301,"column":5}},"38":{"start":{"line":300,"column":6},"end":{"line":300,"column":38}},"39":{"start":{"line":303,"column":4},"end":{"line":305,"column":5}},"40":{"start":{"line":304,"column":6},"end":{"line":304,"column":42}},"41":{"start":{"line":307,"column":4},"end":{"line":309,"column":5}},"42":{"start":{"line":308,"column":6},"end":{"line":308,"column":52}},"43":{"start":{"line":312,"column":4},"end":{"line":317,"column":5}},"44":{"start":{"line":316,"column":6},"end":{"line":316,"column":37}},"45":{"start":{"line":319,"column":4},"end":{"line":321,"column":5}},"46":{"start":{"line":320,"column":6},"end":{"line":320,"column":38}},"47":{"start":{"line":323,"column":4},"end":{"line":323,"column":41}},"48":{"start":{"line":324,"column":4},"end":{"line":324,"column":39}},"49":{"start":{"line":325,"column":4},"end":{"line":327,"column":5}},"50":{"start":{"line":326,"column":6},"end":{"line":326,"column":31}},"51":{"start":{"line":328,"column":4},"end":{"line":328,"column":64}},"52":{"start":{"line":329,"column":4},"end":{"line":329,"column":59}},"53":{"start":{"line":330,"column":4},"end":{"line":330,"column":43}},"54":{"start":{"line":331,"column":4},"end":{"line":331,"column":49}},"55":{"start":{"line":332,"column":4},"end":{"line":332,"column":51}},"56":{"start":{"line":333,"column":4},"end":{"line":333,"column":43}},"57":{"start":{"line":334,"column":4},"end":{"line":334,"column":37}},"58":{"start":{"line":335,"column":4},"end":{"line":335,"column":70}},"59":{"start":{"line":336,"column":4},"end":{"line":336,"column":57}},"60":{"start":{"line":337,"column":4},"end":{"line":363,"column":5}},"61":{"start":{"line":338,"column":6},"end":{"line":338,"column":34}},"62":{"start":{"line":339,"column":6},"end":{"line":339,"column":35}},"63":{"start":{"line":340,"column":6},"end":{"line":340,"column":43}},"64":{"start":{"line":341,"column":6},"end":{"line":341,"column":40}},"65":{"start":{"line":342,"column":6},"end":{"line":344,"column":7}},"66":{"start":{"line":343,"column":8},"end":{"line":343,"column":39}},"67":{"start":{"line":345,"column":11},"end":{"line":363,"column":5}},"68":{"start":{"line":346,"column":6},"end":{"line":346,"column":39}},"69":{"start":{"line":347,"column":6},"end":{"line":347,"column":40}},"70":{"start":{"line":349,"column":6},"end":{"line":349,"column":43}},"71":{"start":{"line":350,"column":6},"end":{"line":350,"column":40}},"72":{"start":{"line":351,"column":11},"end":{"line":363,"column":5}},"73":{"start":{"line":352,"column":6},"end":{"line":352,"column":41}},"74":{"start":{"line":353,"column":6},"end":{"line":353,"column":42}},"75":{"start":{"line":355,"column":6},"end":{"line":355,"column":43}},"76":{"start":{"line":356,"column":6},"end":{"line":356,"column":40}},"77":{"start":{"line":357,"column":11},"end":{"line":363,"column":5}},"78":{"start":{"line":358,"column":6},"end":{"line":358,"column":41}},"79":{"start":{"line":359,"column":6},"end":{"line":359,"column":42}},"80":{"start":{"line":361,"column":6},"end":{"line":361,"column":43}},"81":{"start":{"line":362,"column":6},"end":{"line":362,"column":40}},"82":{"start":{"line":364,"column":4},"end":{"line":364,"column":11}},"83":{"start":{"line":369,"column":2},"end":{"line":369,"column":44}},"84":{"start":{"line":369,"column":37},"end":{"line":369,"column":44}},"85":{"start":{"line":371,"column":30},"end":{"line":371,"column":34}},"86":{"start":{"line":372,"column":18},"end":{"line":372,"column":20}},"87":{"start":{"line":373,"column":24},"end":{"line":373,"column":26}},"88":{"start":{"line":374,"column":2},"end":{"line":391,"column":3}},"89":{"start":{"line":375,"column":4},"end":{"line":380,"column":5}},"90":{"start":{"line":376,"column":6},"end":{"line":379,"column":9}},"91":{"start":{"line":381,"column":4},"end":{"line":386,"column":5}},"92":{"start":{"line":382,"column":6},"end":{"line":385,"column":9}},"93":{"start":{"line":387,"column":4},"end":{"line":390,"column":7}},"94":{"start":{"line":392,"column":2},"end":{"line":395,"column":5}},"95":{"start":{"line":397,"column":18},"end":{"line":403,"column":3}},"96":{"start":{"line":405,"column":2},"end":{"line":405,"column":27}},"97":{"start":{"line":405,"column":12},"end":{"line":405,"column":27}},"98":{"start":{"line":407,"column":15},"end":{"line":407,"column":27}},"99":{"start":{"line":408,"column":2},"end":{"line":423,"column":3}},"100":{"start":{"line":409,"column":4},"end":{"line":420,"column":7}},"101":{"start":{"line":410,"column":6},"end":{"line":410,"column":56}},"102":{"start":{"line":411,"column":6},"end":{"line":411,"column":84}},"103":{"start":{"line":412,"column":6},"end":{"line":412,"column":90}},"104":{"start":{"line":413,"column":6},"end":{"line":413,"column":92}},"105":{"start":{"line":414,"column":6},"end":{"line":414,"column":106}},"106":{"start":{"line":416,"column":6},"end":{"line":418,"column":7}},"107":{"start":{"line":417,"column":8},"end":{"line":417,"column":108}},"108":{"start":{"line":419,"column":6},"end":{"line":419,"column":13}},"109":{"start":{"line":422,"column":4},"end":{"line":422,"column":11}},"110":{"start":{"line":427,"column":2},"end":{"line":427,"column":74}},"111":{"start":{"line":427,"column":67},"end":{"line":427,"column":74}},"112":{"start":{"line":429,"column":2},"end":{"line":429,"column":21}},"113":{"start":{"line":433,"column":2},"end":{"line":433,"column":44}},"114":{"start":{"line":433,"column":37},"end":{"line":433,"column":44}},"115":{"start":{"line":435,"column":15},"end":{"line":435,"column":27}},"116":{"start":{"line":437,"column":30},"end":{"line":437,"column":34}},"117":{"start":{"line":438,"column":18},"end":{"line":446,"column":3}},"118":{"start":{"line":440,"column":18},"end":{"line":440,"column":52}},"119":{"start":{"line":447,"column":2},"end":{"line":451,"column":5}},"120":{"start":{"line":448,"column":4},"end":{"line":448,"column":40}},"121":{"start":{"line":449,"column":4},"end":{"line":449,"column":51}},"122":{"start":{"line":450,"column":4},"end":{"line":450,"column":11}},"123":{"start":{"line":455,"column":2},"end":{"line":455,"column":44}},"124":{"start":{"line":455,"column":37},"end":{"line":455,"column":44}},"125":{"start":{"line":457,"column":15},"end":{"line":457,"column":27}},"126":{"start":{"line":459,"column":30},"end":{"line":459,"column":34}},"127":{"start":{"line":460,"column":18},"end":{"line":471,"column":3}},"128":{"start":{"line":462,"column":18},"end":{"line":462,"column":52}},"129":{"start":{"line":465,"column":8},"end":{"line":467,"column":83}},"130":{"start":{"line":472,"column":2},"end":{"line":476,"column":5}},"131":{"start":{"line":473,"column":4},"end":{"line":473,"column":66}},"132":{"start":{"line":474,"column":4},"end":{"line":474,"column":72}},"133":{"start":{"line":475,"column":4},"end":{"line":475,"column":11}},"134":{"start":{"line":480,"column":2},"end":{"line":480,"column":44}},"135":{"start":{"line":480,"column":37},"end":{"line":480,"column":44}},"136":{"start":{"line":482,"column":15},"end":{"line":482,"column":27}},"137":{"start":{"line":484,"column":18},"end":{"line":505,"column":3}},"138":{"start":{"line":506,"column":2},"end":{"line":510,"column":5}},"139":{"start":{"line":507,"column":4},"end":{"line":507,"column":77}},"140":{"start":{"line":509,"column":4},"end":{"line":509,"column":11}},"141":{"start":{"line":514,"column":2},"end":{"line":514,"column":52}},"142":{"start":{"line":515,"column":2},"end":{"line":515,"column":56}},"143":{"start":{"line":516,"column":2},"end":{"line":516,"column":70}},"144":{"start":{"line":517,"column":2},"end":{"line":517,"column":48}},"145":{"start":{"line":518,"column":2},"end":{"line":518,"column":54}},"146":{"start":{"line":519,"column":2},"end":{"line":519,"column":60}},"147":{"start":{"line":520,"column":2},"end":{"line":520,"column":62}},"148":{"start":{"line":521,"column":2},"end":{"line":521,"column":54}},"149":{"start":{"line":522,"column":2},"end":{"line":522,"column":56}},"150":{"start":{"line":523,"column":2},"end":{"line":523,"column":70}},"151":{"start":{"line":524,"column":2},"end":{"line":524,"column":48}},"152":{"start":{"line":525,"column":2},"end":{"line":525,"column":70}},"153":{"start":{"line":526,"column":2},"end":{"line":526,"column":66}},"154":{"start":{"line":527,"column":26},"end":{"line":527,"column":30}},"155":{"start":{"line":528,"column":2},"end":{"line":530,"column":3}},"156":{"start":{"line":529,"column":4},"end":{"line":529,"column":54}},"157":{"start":{"line":531,"column":2},"end":{"line":531,"column":50}},"158":{"start":{"line":532,"column":2},"end":{"line":532,"column":50}},"159":{"start":{"line":533,"column":2},"end":{"line":533,"column":74}},"160":{"start":{"line":534,"column":2},"end":{"line":534,"column":76}},"161":{"start":{"line":536,"column":2},"end":{"line":536,"column":70}},"162":{"start":{"line":537,"column":2},"end":{"line":538,"column":105}}},"fnMap":{"0":{"name":"askForModuleName","decl":{"start":{"line":19,"column":9},"end":{"line":19,"column":25}},"loc":{"start":{"line":19,"column":28},"end":{"line":23,"column":1}},"line":19},"1":{"name":"askForServerSideOpts","decl":{"start":{"line":25,"column":9},"end":{"line":25,"column":29}},"loc":{"start":{"line":25,"column":36},"end":{"line":366,"column":1}},"line":25},"2":{"name":"(anonymous_2)","decl":{"start":{"line":36,"column":12},"end":{"line":36,"column":13}},"loc":{"start":{"line":37,"column":8},"end":{"line":37,"column":104}},"line":37},"3":{"name":"(anonymous_3)","decl":{"start":{"line":40,"column":16},"end":{"line":40,"column":17}},"loc":{"start":{"line":40,"column":26},"end":{"line":40,"column":94}},"line":40},"4":{"name":"(anonymous_4)","decl":{"start":{"line":48,"column":16},"end":{"line":48,"column":17}},"loc":{"start":{"line":49,"column":8},"end":{"line":51,"column":82}},"line":49},"5":{"name":"(anonymous_5)","decl":{"start":{"line":150,"column":15},"end":{"line":150,"column":16}},"loc":{"start":{"line":150,"column":21},"end":{"line":180,"column":7}},"line":150},"6":{"name":"(anonymous_6)","decl":{"start":{"line":184,"column":12},"end":{"line":184,"column":13}},"loc":{"start":{"line":184,"column":24},"end":{"line":184,"column":55}},"line":184},"7":{"name":"(anonymous_7)","decl":{"start":{"line":205,"column":12},"end":{"line":205,"column":13}},"loc":{"start":{"line":205,"column":24},"end":{"line":205,"column":55}},"line":205},"8":{"name":"(anonymous_8)","decl":{"start":{"line":209,"column":15},"end":{"line":209,"column":16}},"loc":{"start":{"line":210,"column":8},"end":{"line":219,"column":93}},"line":210},"9":{"name":"(anonymous_9)","decl":{"start":{"line":219,"column":47},"end":{"line":219,"column":48}},"loc":{"start":{"line":219,"column":53},"end":{"line":219,"column":91}},"line":219},"10":{"name":"(anonymous_10)","decl":{"start":{"line":223,"column":12},"end":{"line":223,"column":13}},"loc":{"start":{"line":223,"column":18},"end":{"line":223,"column":27}},"line":223},"11":{"name":"(anonymous_11)","decl":{"start":{"line":258,"column":12},"end":{"line":258,"column":13}},"loc":{"start":{"line":259,"column":8},"end":{"line":261,"column":39}},"line":259},"12":{"name":"(anonymous_12)","decl":{"start":{"line":289,"column":28},"end":{"line":289,"column":29}},"loc":{"start":{"line":289,"column":37},"end":{"line":365,"column":3}},"line":289},"13":{"name":"askForOptionalItems","decl":{"start":{"line":368,"column":9},"end":{"line":368,"column":28}},"loc":{"start":{"line":368,"column":35},"end":{"line":424,"column":1}},"line":368},"14":{"name":"(anonymous_14)","decl":{"start":{"line":409,"column":30},"end":{"line":409,"column":31}},"loc":{"start":{"line":409,"column":40},"end":{"line":420,"column":5}},"line":409},"15":{"name":"askFori18n","decl":{"start":{"line":426,"column":9},"end":{"line":426,"column":19}},"loc":{"start":{"line":426,"column":22},"end":{"line":430,"column":1}},"line":426},"16":{"name":"askForBundleName","decl":{"start":{"line":432,"column":9},"end":{"line":432,"column":25}},"loc":{"start":{"line":432,"column":32},"end":{"line":452,"column":1}},"line":432},"17":{"name":"(anonymous_17)","decl":{"start":{"line":440,"column":12},"end":{"line":440,"column":13}},"loc":{"start":{"line":440,"column":18},"end":{"line":440,"column":52}},"line":440},"18":{"name":"(anonymous_18)","decl":{"start":{"line":447,"column":28},"end":{"line":447,"column":29}},"loc":{"start":{"line":447,"column":38},"end":{"line":451,"column":3}},"line":447},"19":{"name":"askForDockerOrganization","decl":{"start":{"line":454,"column":9},"end":{"line":454,"column":33}},"loc":{"start":{"line":454,"column":40},"end":{"line":477,"column":1}},"line":454},"20":{"name":"(anonymous_20)","decl":{"start":{"line":462,"column":12},"end":{"line":462,"column":13}},"loc":{"start":{"line":462,"column":18},"end":{"line":462,"column":52}},"line":462},"21":{"name":"(anonymous_21)","decl":{"start":{"line":464,"column":16},"end":{"line":464,"column":17}},"loc":{"start":{"line":465,"column":8},"end":{"line":467,"column":83}},"line":465},"22":{"name":"(anonymous_22)","decl":{"start":{"line":472,"column":28},"end":{"line":472,"column":29}},"loc":{"start":{"line":472,"column":38},"end":{"line":476,"column":3}},"line":472},"23":{"name":"askForMicroFrontendGeneration","decl":{"start":{"line":479,"column":9},"end":{"line":479,"column":38}},"loc":{"start":{"line":479,"column":45},"end":{"line":511,"column":1}},"line":479},"24":{"name":"(anonymous_24)","decl":{"start":{"line":506,"column":28},"end":{"line":506,"column":29}},"loc":{"start":{"line":506,"column":38},"end":{"line":510,"column":3}},"line":506},"25":{"name":"setSharedConfigOptions","decl":{"start":{"line":513,"column":9},"end":{"line":513,"column":31}},"loc":{"start":{"line":513,"column":34},"end":{"line":539,"column":1}},"line":513}},"branchMap":{"0":{"loc":{"start":{"line":20,"column":2},"end":{"line":20,"column":28}},"type":"if","locations":[{"start":{"line":20,"column":2},"end":{"line":20,"column":28}},{"start":{"line":20,"column":2},"end":{"line":20,"column":28}}],"line":20},"1":{"loc":{"start":{"line":26,"column":2},"end":{"line":26,"column":44}},"type":"if","locations":[{"start":{"line":26,"column":2},"end":{"line":26,"column":44}},{"start":{"line":26,"column":2},"end":{"line":26,"column":44}}],"line":26},"2":{"loc":{"start":{"line":26,"column":6},"end":{"line":26,"column":35}},"type":"binary-expr","locations":[{"start":{"line":26,"column":6},"end":{"line":26,"column":11}},{"start":{"line":26,"column":15},"end":{"line":26,"column":35}}],"line":26},"3":{"loc":{"start":{"line":30,"column":20},"end":{"line":30,"column":67}},"type":"cond-expr","locations":[{"start":{"line":30,"column":52},"end":{"line":30,"column":58}},{"start":{"line":30,"column":61},"end":{"line":30,"column":67}}],"line":30},"4":{"loc":{"start":{"line":31,"column":2},"end":{"line":33,"column":3}},"type":"if","locations":[{"start":{"line":31,"column":2},"end":{"line":33,"column":3}},{"start":{"line":31,"column":2},"end":{"line":33,"column":3}}],"line":31},"5":{"loc":{"start":{"line":37,"column":8},"end":{"line":37,"column":104}},"type":"binary-expr","locations":[{"start":{"line":37,"column":8},"end":{"line":37,"column":37}},{"start":{"line":37,"column":41},"end":{"line":37,"column":75}},{"start":{"line":37,"column":79},"end":{"line":37,"column":104}}],"line":37},"6":{"loc":{"start":{"line":40,"column":26},"end":{"line":40,"column":94}},"type":"cond-expr","locations":[{"start":{"line":40,"column":53},"end":{"line":40,"column":57}},{"start":{"line":40,"column":60},"end":{"line":40,"column":94}}],"line":40},"7":{"loc":{"start":{"line":49,"column":8},"end":{"line":51,"column":82}},"type":"cond-expr","locations":[{"start":{"line":50,"column":12},"end":{"line":50,"column":16}},{"start":{"line":51,"column":12},"end":{"line":51,"column":82}}],"line":49},"8":{"loc":{"start":{"line":152,"column":8},"end":{"line":157,"column":9}},"type":"if","locations":[{"start":{"line":152,"column":8},"end":{"line":157,"column":9}},{"start":{"line":152,"column":8},"end":{"line":157,"column":9}}],"line":152},"9":{"loc":{"start":{"line":173,"column":8},"end":{"line":178,"column":9}},"type":"if","locations":[{"start":{"line":173,"column":8},"end":{"line":178,"column":9}},{"start":{"line":173,"column":8},"end":{"line":178,"column":9}}],"line":173},"10":{"loc":{"start":{"line":255,"column":15},"end":{"line":255,"column":86}},"type":"cond-expr","locations":[{"start":{"line":255,"column":81},"end":{"line":255,"column":82}},{"start":{"line":255,"column":85},"end":{"line":255,"column":86}}],"line":255},"11":{"loc":{"start":{"line":255,"column":15},"end":{"line":255,"column":78}},"type":"binary-expr","locations":[{"start":{"line":255,"column":15},"end":{"line":255,"column":49}},{"start":{"line":255,"column":53},"end":{"line":255,"column":78}}],"line":255},"12":{"loc":{"start":{"line":259,"column":8},"end":{"line":261,"column":39}},"type":"binary-expr","locations":[{"start":{"line":259,"column":10},"end":{"line":259,"column":41}},{"start":{"line":259,"column":45},"end":{"line":259,"column":83}},{"start":{"line":260,"column":10},"end":{"line":260,"column":39}},{"start":{"line":261,"column":8},"end":{"line":261,"column":39}}],"line":259},"13":{"loc":{"start":{"line":285,"column":2},"end":{"line":285,"column":27}},"type":"if","locations":[{"start":{"line":285,"column":2},"end":{"line":285,"column":27}},{"start":{"line":285,"column":2},"end":{"line":285,"column":27}}],"line":285},"14":{"loc":{"start":{"line":295,"column":4},"end":{"line":301,"column":5}},"type":"if","locations":[{"start":{"line":295,"column":4},"end":{"line":301,"column":5}},{"start":{"line":295,"column":4},"end":{"line":301,"column":5}}],"line":295},"15":{"loc":{"start":{"line":296,"column":6},"end":{"line":298,"column":42}},"type":"binary-expr","locations":[{"start":{"line":296,"column":6},"end":{"line":296,"column":44}},{"start":{"line":297,"column":6},"end":{"line":297,"column":39}},{"start":{"line":298,"column":6},"end":{"line":298,"column":42}}],"line":296},"16":{"loc":{"start":{"line":303,"column":4},"end":{"line":305,"column":5}},"type":"if","locations":[{"start":{"line":303,"column":4},"end":{"line":305,"column":5}},{"start":{"line":303,"column":4},"end":{"line":305,"column":5}}],"line":303},"17":{"loc":{"start":{"line":307,"column":4},"end":{"line":309,"column":5}},"type":"if","locations":[{"start":{"line":307,"column":4},"end":{"line":309,"column":5}},{"start":{"line":307,"column":4},"end":{"line":309,"column":5}}],"line":307},"18":{"loc":{"start":{"line":307,"column":8},"end":{"line":307,"column":84}},"type":"binary-expr","locations":[{"start":{"line":307,"column":8},"end":{"line":307,"column":41}},{"start":{"line":307,"column":45},"end":{"line":307,"column":84}}],"line":307},"19":{"loc":{"start":{"line":312,"column":4},"end":{"line":317,"column":5}},"type":"if","locations":[{"start":{"line":312,"column":4},"end":{"line":317,"column":5}},{"start":{"line":312,"column":4},"end":{"line":317,"column":5}}],"line":312},"20":{"loc":{"start":{"line":313,"column":6},"end":{"line":314,"column":42}},"type":"binary-expr","locations":[{"start":{"line":313,"column":7},"end":{"line":313,"column":41}},{"start":{"line":313,"column":45},"end":{"line":313,"column":78}},{"start":{"line":314,"column":6},"end":{"line":314,"column":42}}],"line":313},"21":{"loc":{"start":{"line":319,"column":4},"end":{"line":321,"column":5}},"type":"if","locations":[{"start":{"line":319,"column":4},"end":{"line":321,"column":5}},{"start":{"line":319,"column":4},"end":{"line":321,"column":5}}],"line":319},"22":{"loc":{"start":{"line":325,"column":4},"end":{"line":327,"column":5}},"type":"if","locations":[{"start":{"line":325,"column":4},"end":{"line":327,"column":5}},{"start":{"line":325,"column":4},"end":{"line":327,"column":5}}],"line":325},"23":{"loc":{"start":{"line":328,"column":25},"end":{"line":328,"column":63}},"type":"cond-expr","locations":[{"start":{"line":328,"column":37},"end":{"line":328,"column":56}},{"start":{"line":328,"column":59},"end":{"line":328,"column":63}}],"line":328},"24":{"loc":{"start":{"line":337,"column":4},"end":{"line":363,"column":5}},"type":"if","locations":[{"start":{"line":337,"column":4},"end":{"line":363,"column":5}},{"start":{"line":337,"column":4},"end":{"line":363,"column":5}}],"line":337},"25":{"loc":{"start":{"line":342,"column":6},"end":{"line":344,"column":7}},"type":"if","locations":[{"start":{"line":342,"column":6},"end":{"line":344,"column":7}},{"start":{"line":342,"column":6},"end":{"line":344,"column":7}}],"line":342},"26":{"loc":{"start":{"line":345,"column":11},"end":{"line":363,"column":5}},"type":"if","locations":[{"start":{"line":345,"column":11},"end":{"line":363,"column":5}},{"start":{"line":345,"column":11},"end":{"line":363,"column":5}}],"line":345},"27":{"loc":{"start":{"line":351,"column":11},"end":{"line":363,"column":5}},"type":"if","locations":[{"start":{"line":351,"column":11},"end":{"line":363,"column":5}},{"start":{"line":351,"column":11},"end":{"line":363,"column":5}}],"line":351},"28":{"loc":{"start":{"line":357,"column":11},"end":{"line":363,"column":5}},"type":"if","locations":[{"start":{"line":357,"column":11},"end":{"line":363,"column":5}},{"start":{"line":357,"column":11},"end":{"line":363,"column":5}}],"line":357},"29":{"loc":{"start":{"line":369,"column":2},"end":{"line":369,"column":44}},"type":"if","locations":[{"start":{"line":369,"column":2},"end":{"line":369,"column":44}},{"start":{"line":369,"column":2},"end":{"line":369,"column":44}}],"line":369},"30":{"loc":{"start":{"line":369,"column":6},"end":{"line":369,"column":35}},"type":"binary-expr","locations":[{"start":{"line":369,"column":6},"end":{"line":369,"column":11}},{"start":{"line":369,"column":15},"end":{"line":369,"column":35}}],"line":369},"31":{"loc":{"start":{"line":374,"column":2},"end":{"line":391,"column":3}},"type":"if","locations":[{"start":{"line":374,"column":2},"end":{"line":391,"column":3}},{"start":{"line":374,"column":2},"end":{"line":391,"column":3}}],"line":374},"32":{"loc":{"start":{"line":375,"column":4},"end":{"line":380,"column":5}},"type":"if","locations":[{"start":{"line":375,"column":4},"end":{"line":380,"column":5}},{"start":{"line":375,"column":4},"end":{"line":380,"column":5}}],"line":375},"33":{"loc":{"start":{"line":375,"column":8},"end":{"line":375,"column":70}},"type":"binary-expr","locations":[{"start":{"line":375,"column":8},"end":{"line":375,"column":35}},{"start":{"line":375,"column":39},"end":{"line":375,"column":70}}],"line":375},"34":{"loc":{"start":{"line":381,"column":4},"end":{"line":386,"column":5}},"type":"if","locations":[{"start":{"line":381,"column":4},"end":{"line":386,"column":5}},{"start":{"line":381,"column":4},"end":{"line":386,"column":5}}],"line":381},"35":{"loc":{"start":{"line":381,"column":8},"end":{"line":381,"column":71}},"type":"binary-expr","locations":[{"start":{"line":381,"column":8},"end":{"line":381,"column":38}},{"start":{"line":381,"column":42},"end":{"line":381,"column":71}}],"line":381},"36":{"loc":{"start":{"line":405,"column":2},"end":{"line":405,"column":27}},"type":"if","locations":[{"start":{"line":405,"column":2},"end":{"line":405,"column":27}},{"start":{"line":405,"column":2},"end":{"line":405,"column":27}}],"line":405},"37":{"loc":{"start":{"line":408,"column":2},"end":{"line":423,"column":3}},"type":"if","locations":[{"start":{"line":408,"column":2},"end":{"line":423,"column":3}},{"start":{"line":408,"column":2},"end":{"line":423,"column":3}}],"line":408},"38":{"loc":{"start":{"line":416,"column":6},"end":{"line":418,"column":7}},"type":"if","locations":[{"start":{"line":416,"column":6},"end":{"line":418,"column":7}},{"start":{"line":416,"column":6},"end":{"line":418,"column":7}}],"line":416},"39":{"loc":{"start":{"line":427,"column":2},"end":{"line":427,"column":74}},"type":"if","locations":[{"start":{"line":427,"column":2},"end":{"line":427,"column":74}},{"start":{"line":427,"column":2},"end":{"line":427,"column":74}}],"line":427},"40":{"loc":{"start":{"line":427,"column":6},"end":{"line":427,"column":65}},"type":"binary-expr","locations":[{"start":{"line":427,"column":6},"end":{"line":427,"column":26}},{"start":{"line":427,"column":30},"end":{"line":427,"column":65}}],"line":427},"41":{"loc":{"start":{"line":433,"column":2},"end":{"line":433,"column":44}},"type":"if","locations":[{"start":{"line":433,"column":2},"end":{"line":433,"column":44}},{"start":{"line":433,"column":2},"end":{"line":433,"column":44}}],"line":433},"42":{"loc":{"start":{"line":433,"column":6},"end":{"line":433,"column":35}},"type":"binary-expr","locations":[{"start":{"line":433,"column":6},"end":{"line":433,"column":11}},{"start":{"line":433,"column":15},"end":{"line":433,"column":35}}],"line":433},"43":{"loc":{"start":{"line":455,"column":2},"end":{"line":455,"column":44}},"type":"if","locations":[{"start":{"line":455,"column":2},"end":{"line":455,"column":44}},{"start":{"line":455,"column":2},"end":{"line":455,"column":44}}],"line":455},"44":{"loc":{"start":{"line":455,"column":6},"end":{"line":455,"column":35}},"type":"binary-expr","locations":[{"start":{"line":455,"column":6},"end":{"line":455,"column":11}},{"start":{"line":455,"column":15},"end":{"line":455,"column":35}}],"line":455},"45":{"loc":{"start":{"line":465,"column":8},"end":{"line":467,"column":83}},"type":"cond-expr","locations":[{"start":{"line":466,"column":12},"end":{"line":466,"column":16}},{"start":{"line":467,"column":12},"end":{"line":467,"column":83}}],"line":465},"46":{"loc":{"start":{"line":480,"column":2},"end":{"line":480,"column":44}},"type":"if","locations":[{"start":{"line":480,"column":2},"end":{"line":480,"column":44}},{"start":{"line":480,"column":2},"end":{"line":480,"column":44}}],"line":480},"47":{"loc":{"start":{"line":480,"column":6},"end":{"line":480,"column":35}},"type":"binary-expr","locations":[{"start":{"line":480,"column":6},"end":{"line":480,"column":11}},{"start":{"line":480,"column":15},"end":{"line":480,"column":35}}],"line":480},"48":{"loc":{"start":{"line":528,"column":2},"end":{"line":530,"column":3}},"type":"if","locations":[{"start":{"line":528,"column":2},"end":{"line":530,"column":3}},{"start":{"line":528,"column":2},"end":{"line":530,"column":3}}],"line":528}},"s":{"0":1,"1":1,"2":1,"3":1,"4":1,"5":3,"6":1,"7":2,"8":3,"9":0,"10":3,"11":3,"12":3,"13":3,"14":0,"15":3,"16":3,"17":0,"18":0,"19":3,"20":3,"21":3,"22":3,"23":3,"24":3,"25":3,"26":3,"27":3,"28":3,"29":3,"30":3,"31":3,"32":0,"33":3,"34":3,"35":3,"36":3,"37":3,"38":0,"39":3,"40":0,"41":3,"42":1,"43":3,"44":3,"45":3,"46":0,"47":3,"48":3,"49":3,"50":2,"51":3,"52":3,"53":3,"54":3,"55":3,"56":3,"57":3,"58":3,"59":3,"60":3,"61":0,"62":0,"63":0,"64":0,"65":0,"66":0,"67":3,"68":0,"69":0,"70":0,"71":0,"72":3,"73":0,"74":0,"75":0,"76":0,"77":3,"78":0,"79":0,"80":0,"81":0,"82":3,"83":3,"84":0,"85":3,"86":3,"87":3,"88":3,"89":3,"90":3,"91":3,"92":2,"93":3,"94":3,"95":3,"96":3,"97":0,"98":3,"99":3,"100":3,"101":3,"102":3,"103":3,"104":3,"105":3,"106":3,"107":3,"108":3,"109":0,"110":3,"111":1,"112":2,"113":3,"114":0,"115":3,"116":3,"117":3,"118":3,"119":3,"120":3,"121":3,"122":3,"123":3,"124":0,"125":3,"126":3,"127":3,"128":3,"129":0,"130":3,"131":3,"132":3,"133":3,"134":3,"135":0,"136":3,"137":3,"138":3,"139":3,"140":3,"141":3,"142":3,"143":3,"144":3,"145":3,"146":3,"147":3,"148":3,"149":3,"150":3,"151":3,"152":3,"153":3,"154":3,"155":3,"156":0,"157":3,"158":3,"159":3,"160":3,"161":3,"162":3},"f":{"0":3,"1":3,"2":3,"3":0,"4":0,"5":3,"6":3,"7":3,"8":3,"9":3,"10":3,"11":3,"12":3,"13":3,"14":3,"15":3,"16":3,"17":3,"18":3,"19":3,"20":3,"21":0,"22":3,"23":3,"24":3,"25":3},"b":{"0":[1,2],"1":[0,3],"2":[3,3],"3":[0,3],"4":[0,3],"5":[3,3,2],"6":[0,0],"7":[0,0],"8":[3,0],"9":[3,0],"10":[1,2],"11":[3,2],"12":[3,3,0,3],"13":[0,3],"14":[0,3],"15":[3,0,0],"16":[0,3],"17":[1,2],"18":[3,3],"19":[3,0],"20":[3,0,3],"21":[0,3],"22":[2,1],"23":[3,0],"24":[0,3],"25":[0,0],"26":[0,3],"27":[0,3],"28":[0,3],"29":[0,3],"30":[3,3],"31":[3,0],"32":[3,0],"33":[3,0],"34":[2,1],"35":[3,1],"36":[0,3],"37":[3,0],"38":[3,0],"39":[1,2],"40":[3,3],"41":[0,3],"42":[3,3],"43":[0,3],"44":[3,3],"45":[0,0],"46":[0,3],"47":[3,3],"48":[0,3]},"_coverageSchema":"1a1c01bbd47fc00a2c39e90264f33305004495a9","hash":"562ef656ae093670d4f61b2692fedd5bebaf25f1","contentHash":"621c8fc7706d23c5d2b2fa7ef97792b454b4d7d10d4396e9dcd0715f3b3259eb"},"/Users/anthonyviard/projects/entando/entando-blueprint/generators/server/phases/prompting/entando_default_prompts.js":{"path":"/Users/anthonyviard/projects/entando/entando-blueprint/generators/server/phases/prompting/entando_default_prompts.js","statementMap":{"0":{"start":{"line":1,"column":0},"end":{"line":4,"column":2}}},"fnMap":{},"branchMap":{},"s":{"0":1},"f":{},"b":{},"_coverageSchema":"1a1c01bbd47fc00a2c39e90264f33305004495a9","hash":"263ac3a18be3a493d4ce7c2ed257a970a8264478","contentHash":"7c905894095705315fcdac25ff22393d6b04336c441d3bc49ef7647be7d4886e"},"/Users/anthonyviard/projects/entando/entando-blueprint/generators/server/phases/writing/index.js":{"path":"/Users/anthonyviard/projects/entando/entando-blueprint/generators/server/phases/writing/index.js","statementMap":{"0":{"start":{"line":1,"column":23},"end":{"line":1,"column":41}},"1":{"start":{"line":4,"column":2},"end":{"line":4,"column":76}},"2":{"start":{"line":5,"column":2},"end":{"line":10,"column":4}},"3":{"start":{"line":14,"column":2},"end":{"line":14,"column":71}},"4":{"start":{"line":15,"column":2},"end":{"line":27,"column":4}},"5":{"start":{"line":31,"column":2},"end":{"line":31,"column":102}},"6":{"start":{"line":34,"column":0},"end":{"line":40,"column":2}}},"fnMap":{"0":{"name":"addUnspecificDependencies","decl":{"start":{"line":3,"column":9},"end":{"line":3,"column":34}},"loc":{"start":{"line":3,"column":37},"end":{"line":11,"column":1}},"line":3},"1":{"name":"addJsonSchemaDependencies","decl":{"start":{"line":13,"column":9},"end":{"line":13,"column":34}},"loc":{"start":{"line":13,"column":37},"end":{"line":28,"column":1}},"line":13},"2":{"name":"addMavenSnapshotRepository","decl":{"start":{"line":30,"column":9},"end":{"line":30,"column":35}},"loc":{"start":{"line":30,"column":38},"end":{"line":32,"column":1}},"line":30}},"branchMap":{},"s":{"0":1,"1":3,"2":3,"3":3,"4":3,"5":3,"6":1},"f":{"0":3,"1":3,"2":3},"b":{},"_coverageSchema":"1a1c01bbd47fc00a2c39e90264f33305004495a9","hash":"71b6cf76756a3955a155d3db0df85940cdfdd0a7","contentHash":"e286911702fe1aef76a1b75cafcad2aab8af88bc64b977866acaad9d8744f488"},"/Users/anthonyviard/projects/entando/entando-blueprint/generators/server/phases/writing/files.js":{"path":"/Users/anthonyviard/projects/entando/entando-blueprint/generators/server/phases/writing/files.js","statementMap":{"0":{"start":{"line":1,"column":15},"end":{"line":1,"column":32}},"1":{"start":{"line":2,"column":16},"end":{"line":2,"column":64}},"2":{"start":{"line":3,"column":18},"end":{"line":3,"column":78}},"3":{"start":{"line":13,"column":4},"end":{"line":13,"column":13}},"4":{"start":{"line":15,"column":33},"end":{"line":17,"column":89}},"5":{"start":{"line":16,"column":2},"end":{"line":17,"column":89}},"6":{"start":{"line":22,"column":20},"end":{"line":1483,"column":1}},"7":{"start":{"line":56,"column":33},"end":{"line":56,"column":97}},"8":{"start":{"line":75,"column":30},"end":{"line":75,"column":108}},"9":{"start":{"line":77,"column":39},"end":{"line":77,"column":74}},"10":{"start":{"line":80,"column":30},"end":{"line":80,"column":70}},"11":{"start":{"line":85,"column":30},"end":{"line":85,"column":72}},"12":{"start":{"line":94,"column":30},"end":{"line":94,"column":72}},"13":{"start":{"line":108,"column":30},"end":{"line":108,"column":69}},"14":{"start":{"line":113,"column":30},"end":{"line":113,"column":69}},"15":{"start":{"line":118,"column":30},"end":{"line":118,"column":72}},"16":{"start":{"line":123,"column":30},"end":{"line":123,"column":65}},"17":{"start":{"line":128,"column":30},"end":{"line":128,"column":62}},"18":{"start":{"line":130,"column":62},"end":{"line":130,"column":95}},"19":{"start":{"line":133,"column":30},"end":{"line":133,"column":107}},"20":{"start":{"line":141,"column":26},"end":{"line":141,"column":65}},"21":{"start":{"line":146,"column":30},"end":{"line":146,"column":107}},"22":{"start":{"line":153,"column":26},"end":{"line":153,"column":79}},"23":{"start":{"line":158,"column":26},"end":{"line":158,"column":82}},"24":{"start":{"line":163,"column":30},"end":{"line":163,"column":62}},"25":{"start":{"line":168,"column":30},"end":{"line":168,"column":71}},"26":{"start":{"line":174,"column":26},"end":{"line":174,"column":60}},"27":{"start":{"line":179,"column":26},"end":{"line":179,"column":62}},"28":{"start":{"line":186,"column":30},"end":{"line":186,"column":62}},"29":{"start":{"line":204,"column":30},"end":{"line":204,"column":98}},"30":{"start":{"line":208,"column":30},"end":{"line":208,"column":61}},"31":{"start":{"line":221,"column":30},"end":{"line":221,"column":67}},"32":{"start":{"line":228,"column":26},"end":{"line":228,"column":38}},"33":{"start":{"line":233,"column":30},"end":{"line":233,"column":67}},"34":{"start":{"line":239,"column":8},"end":{"line":239,"column":90}},"35":{"start":{"line":242,"column":56},"end":{"line":242,"column":79}},"36":{"start":{"line":246,"column":30},"end":{"line":246,"column":62}},"37":{"start":{"line":264,"column":30},"end":{"line":264,"column":62}},"38":{"start":{"line":269,"column":26},"end":{"line":269,"column":88}},"39":{"start":{"line":276,"column":30},"end":{"line":276,"column":66}},"40":{"start":{"line":281,"column":33},"end":{"line":281,"column":92}},"41":{"start":{"line":287,"column":8},"end":{"line":289,"column":86}},"42":{"start":{"line":294,"column":33},"end":{"line":294,"column":101}},"43":{"start":{"line":299,"column":30},"end":{"line":299,"column":68}},"44":{"start":{"line":305,"column":8},"end":{"line":306,"column":84}},"45":{"start":{"line":318,"column":30},"end":{"line":318,"column":68}},"46":{"start":{"line":329,"column":8},"end":{"line":331,"column":84}},"47":{"start":{"line":336,"column":26},"end":{"line":336,"column":81}},"48":{"start":{"line":340,"column":26},"end":{"line":340,"column":88}},"49":{"start":{"line":348,"column":8},"end":{"line":350,"column":46}},"50":{"start":{"line":355,"column":33},"end":{"line":355,"column":95}},"51":{"start":{"line":364,"column":33},"end":{"line":364,"column":89}},"52":{"start":{"line":368,"column":33},"end":{"line":368,"column":81}},"53":{"start":{"line":373,"column":30},"end":{"line":373,"column":68}},"54":{"start":{"line":378,"column":33},"end":{"line":378,"column":86}},"55":{"start":{"line":382,"column":33},"end":{"line":382,"column":82}},"56":{"start":{"line":387,"column":30},"end":{"line":387,"column":91}},"57":{"start":{"line":392,"column":33},"end":{"line":392,"column":86}},"58":{"start":{"line":397,"column":30},"end":{"line":397,"column":88}},"59":{"start":{"line":402,"column":33},"end":{"line":402,"column":88}},"60":{"start":{"line":407,"column":30},"end":{"line":407,"column":88}},"61":{"start":{"line":412,"column":33},"end":{"line":412,"column":89}},"62":{"start":{"line":417,"column":30},"end":{"line":417,"column":87}},"63":{"start":{"line":422,"column":33},"end":{"line":422,"column":88}},"64":{"start":{"line":427,"column":30},"end":{"line":427,"column":105}},"65":{"start":{"line":432,"column":33},"end":{"line":432,"column":94}},"66":{"start":{"line":436,"column":33},"end":{"line":436,"column":83}},"67":{"start":{"line":440,"column":33},"end":{"line":440,"column":80}},"68":{"start":{"line":444,"column":33},"end":{"line":444,"column":85}},"69":{"start":{"line":450,"column":8},"end":{"line":452,"column":27}},"70":{"start":{"line":457,"column":33},"end":{"line":457,"column":102}},"71":{"start":{"line":461,"column":33},"end":{"line":461,"column":82}},"72":{"start":{"line":465,"column":33},"end":{"line":465,"column":96}},"73":{"start":{"line":470,"column":30},"end":{"line":470,"column":71}},"74":{"start":{"line":475,"column":33},"end":{"line":475,"column":93}},"75":{"start":{"line":479,"column":33},"end":{"line":479,"column":97}},"76":{"start":{"line":483,"column":33},"end":{"line":483,"column":100}},"77":{"start":{"line":488,"column":30},"end":{"line":488,"column":71}},"78":{"start":{"line":493,"column":33},"end":{"line":493,"column":97}},"79":{"start":{"line":497,"column":33},"end":{"line":497,"column":92}},"80":{"start":{"line":503,"column":8},"end":{"line":503,"column":89}},"81":{"start":{"line":508,"column":33},"end":{"line":508,"column":93}},"82":{"start":{"line":512,"column":33},"end":{"line":512,"column":94}},"83":{"start":{"line":518,"column":8},"end":{"line":518,"column":94}},"84":{"start":{"line":523,"column":33},"end":{"line":523,"column":79}},"85":{"start":{"line":527,"column":33},"end":{"line":527,"column":86}},"86":{"start":{"line":534,"column":30},"end":{"line":534,"column":103}},"87":{"start":{"line":539,"column":33},"end":{"line":539,"column":87}},"88":{"start":{"line":543,"column":33},"end":{"line":543,"column":105}},"89":{"start":{"line":547,"column":33},"end":{"line":547,"column":101}},"90":{"start":{"line":552,"column":12},"end":{"line":552,"column":95}},"91":{"start":{"line":556,"column":33},"end":{"line":556,"column":79}},"92":{"start":{"line":560,"column":33},"end":{"line":560,"column":84}},"93":{"start":{"line":566,"column":8},"end":{"line":568,"column":47}},"94":{"start":{"line":573,"column":33},"end":{"line":573,"column":99}},"95":{"start":{"line":579,"column":8},"end":{"line":581,"column":38}},"96":{"start":{"line":586,"column":33},"end":{"line":586,"column":84}},"97":{"start":{"line":592,"column":8},"end":{"line":592,"column":89}},"98":{"start":{"line":597,"column":33},"end":{"line":597,"column":81}},"99":{"start":{"line":601,"column":33},"end":{"line":601,"column":89}},"100":{"start":{"line":605,"column":33},"end":{"line":605,"column":99}},"101":{"start":{"line":609,"column":33},"end":{"line":609,"column":107}},"102":{"start":{"line":613,"column":33},"end":{"line":613,"column":92}},"103":{"start":{"line":617,"column":33},"end":{"line":617,"column":108}},"104":{"start":{"line":621,"column":33},"end":{"line":621,"column":96}},"105":{"start":{"line":625,"column":33},"end":{"line":625,"column":103}},"106":{"start":{"line":629,"column":33},"end":{"line":629,"column":94}},"107":{"start":{"line":633,"column":33},"end":{"line":633,"column":89}},"108":{"start":{"line":637,"column":33},"end":{"line":637,"column":101}},"109":{"start":{"line":641,"column":33},"end":{"line":641,"column":108}},"110":{"start":{"line":645,"column":33},"end":{"line":645,"column":98}},"111":{"start":{"line":651,"column":8},"end":{"line":652,"column":93}},"112":{"start":{"line":657,"column":33},"end":{"line":657,"column":85}},"113":{"start":{"line":661,"column":33},"end":{"line":661,"column":83}},"114":{"start":{"line":669,"column":8},"end":{"line":670,"column":97}},"115":{"start":{"line":675,"column":33},"end":{"line":675,"column":90}},"116":{"start":{"line":679,"column":33},"end":{"line":679,"column":103}},"117":{"start":{"line":683,"column":33},"end":{"line":683,"column":105}},"118":{"start":{"line":687,"column":33},"end":{"line":687,"column":102}},"119":{"start":{"line":693,"column":8},"end":{"line":695,"column":46}},"120":{"start":{"line":700,"column":33},"end":{"line":700,"column":85}},"121":{"start":{"line":704,"column":33},"end":{"line":704,"column":88}},"122":{"start":{"line":708,"column":33},"end":{"line":708,"column":102}},"123":{"start":{"line":712,"column":33},"end":{"line":712,"column":92}},"124":{"start":{"line":716,"column":33},"end":{"line":716,"column":93}},"125":{"start":{"line":720,"column":33},"end":{"line":720,"column":101}},"126":{"start":{"line":726,"column":8},"end":{"line":728,"column":4
[...]
column":112}},"line":739},"139":{"name":"(anonymous_139)","decl":{"start":{"line":743,"column":20},"end":{"line":743,"column":21}},"loc":{"start":{"line":744,"column":12},"end":{"line":744,"column":99}},"line":744},"140":{"name":"(anonymous_140)","decl":{"start":{"line":750,"column":17},"end":{"line":750,"column":18}},"loc":{"start":{"line":750,"column":30},"end":{"line":750,"column":78}},"line":750},"141":{"name":"(anonymous_141)","decl":{"start":{"line":754,"column":20},"end":{"line":754,"column":21}},"loc":{"start":{"line":755,"column":12},"end":{"line":755,"column":101}},"line":755},"142":{"name":"(anonymous_142)","decl":{"start":{"line":759,"column":20},"end":{"line":759,"column":21}},"loc":{"start":{"line":760,"column":12},"end":{"line":760,"column":110}},"line":760},"143":{"name":"(anonymous_143)","decl":{"start":{"line":768,"column":17},"end":{"line":768,"column":18}},"loc":{"start":{"line":768,"column":30},"end":{"line":768,"column":78}},"line":768},"144":{"name":"(anonymous_144)","decl":{"start":{"line":772,"column":20},"end":{"line":772,"column":21}},"loc":{"start":{"line":772,"column":33},"end":{"line":772,"column":107}},"line":772},"145":{"name":"(anonymous_145)","decl":{"start":{"line":776,"column":20},"end":{"line":776,"column":21}},"loc":{"start":{"line":777,"column":12},"end":{"line":777,"column":96}},"line":777},"146":{"name":"(anonymous_146)","decl":{"start":{"line":781,"column":20},"end":{"line":781,"column":21}},"loc":{"start":{"line":781,"column":33},"end":{"line":781,"column":106}},"line":781},"147":{"name":"(anonymous_147)","decl":{"start":{"line":789,"column":17},"end":{"line":789,"column":18}},"loc":{"start":{"line":789,"column":30},"end":{"line":789,"column":78}},"line":789},"148":{"name":"(anonymous_148)","decl":{"start":{"line":793,"column":20},"end":{"line":793,"column":21}},"loc":{"start":{"line":794,"column":12},"end":{"line":794,"column":100}},"line":794},"149":{"name":"(anonymous_149)","decl":{"start":{"line":798,"column":20},"end":{"line":798,"column":21}},"loc":{"start":{"line":799,"column":12},"end":{"line":799,"column":100}},"line":799},"150":{"name":"(anonymous_150)","decl":{"start":{"line":803,"column":20},"end":{"line":803,"column":21}},"loc":{"start":{"line":804,"column":12},"end":{"line":804,"column":105}},"line":804},"151":{"name":"(anonymous_151)","decl":{"start":{"line":808,"column":20},"end":{"line":808,"column":21}},"loc":{"start":{"line":809,"column":12},"end":{"line":809,"column":97}},"line":809},"152":{"name":"(anonymous_152)","decl":{"start":{"line":817,"column":17},"end":{"line":817,"column":18}},"loc":{"start":{"line":817,"column":30},"end":{"line":817,"column":80}},"line":817},"153":{"name":"(anonymous_153)","decl":{"start":{"line":821,"column":20},"end":{"line":821,"column":21}},"loc":{"start":{"line":822,"column":12},"end":{"line":822,"column":117}},"line":822},"154":{"name":"(anonymous_154)","decl":{"start":{"line":826,"column":20},"end":{"line":826,"column":21}},"loc":{"start":{"line":827,"column":12},"end":{"line":827,"column":95}},"line":827},"155":{"name":"(anonymous_155)","decl":{"start":{"line":833,"column":17},"end":{"line":833,"column":18}},"loc":{"start":{"line":833,"column":30},"end":{"line":833,"column":77}},"line":833},"156":{"name":"(anonymous_156)","decl":{"start":{"line":837,"column":20},"end":{"line":837,"column":21}},"loc":{"start":{"line":838,"column":12},"end":{"line":838,"column":111}},"line":838},"157":{"name":"(anonymous_157)","decl":{"start":{"line":842,"column":20},"end":{"line":842,"column":21}},"loc":{"start":{"line":843,"column":12},"end":{"line":843,"column":92}},"line":843},"158":{"name":"(anonymous_158)","decl":{"start":{"line":849,"column":17},"end":{"line":849,"column":18}},"loc":{"start":{"line":849,"column":30},"end":{"line":849,"column":78}},"line":849},"159":{"name":"(anonymous_159)","decl":{"start":{"line":853,"column":20},"end":{"line":853,"column":21}},"loc":{"start":{"line":854,"column":12},"end":{"line":854,"column":113}},"line":854},"160":{"name":"(anonymous_160)","decl":{"start":{"line":858,"column":20},"end":{"line":858,"column":21}},"loc":{"start":{"line":859,"column":12},"end":{"line":859,"column":93}},"line":859},"161":{"name":"(anonymous_161)","decl":{"start":{"line":867,"column":17},"end":{"line":867,"column":18}},"loc":{"start":{"line":867,"column":30},"end":{"line":867,"column":80}},"line":867},"162":{"name":"(anonymous_162)","decl":{"start":{"line":871,"column":20},"end":{"line":871,"column":21}},"loc":{"start":{"line":871,"column":33},"end":{"line":871,"column":104}},"line":871},"163":{"name":"(anonymous_163)","decl":{"start":{"line":877,"column":17},"end":{"line":877,"column":18}},"loc":{"start":{"line":877,"column":30},"end":{"line":877,"column":77}},"line":877},"164":{"name":"(anonymous_164)","decl":{"start":{"line":881,"column":20},"end":{"line":881,"column":21}},"loc":{"start":{"line":881,"column":33},"end":{"line":881,"column":101}},"line":881},"165":{"name":"(anonymous_165)","decl":{"start":{"line":887,"column":17},"end":{"line":887,"column":18}},"loc":{"start":{"line":887,"column":30},"end":{"line":887,"column":78}},"line":887},"166":{"name":"(anonymous_166)","decl":{"start":{"line":891,"column":20},"end":{"line":891,"column":21}},"loc":{"start":{"line":891,"column":33},"end":{"line":891,"column":102}},"line":891},"167":{"name":"(anonymous_167)","decl":{"start":{"line":899,"column":17},"end":{"line":899,"column":18}},"loc":{"start":{"line":899,"column":30},"end":{"line":899,"column":80}},"line":899},"168":{"name":"(anonymous_168)","decl":{"start":{"line":903,"column":20},"end":{"line":903,"column":21}},"loc":{"start":{"line":903,"column":33},"end":{"line":903,"column":101}},"line":903},"169":{"name":"(anonymous_169)","decl":{"start":{"line":907,"column":20},"end":{"line":907,"column":21}},"loc":{"start":{"line":907,"column":33},"end":{"line":907,"column":102}},"line":907},"170":{"name":"(anonymous_170)","decl":{"start":{"line":911,"column":20},"end":{"line":911,"column":21}},"loc":{"start":{"line":911,"column":33},"end":{"line":911,"column":101}},"line":911},"171":{"name":"(anonymous_171)","decl":{"start":{"line":915,"column":20},"end":{"line":915,"column":21}},"loc":{"start":{"line":915,"column":33},"end":{"line":915,"column":98}},"line":915},"172":{"name":"(anonymous_172)","decl":{"start":{"line":919,"column":20},"end":{"line":919,"column":21}},"loc":{"start":{"line":919,"column":33},"end":{"line":919,"column":93}},"line":919},"173":{"name":"(anonymous_173)","decl":{"start":{"line":923,"column":20},"end":{"line":923,"column":21}},"loc":{"start":{"line":923,"column":33},"end":{"line":923,"column":98}},"line":923},"174":{"name":"(anonymous_174)","decl":{"start":{"line":929,"column":17},"end":{"line":929,"column":18}},"loc":{"start":{"line":929,"column":30},"end":{"line":929,"column":77}},"line":929},"175":{"name":"(anonymous_175)","decl":{"start":{"line":933,"column":20},"end":{"line":933,"column":21}},"loc":{"start":{"line":933,"column":33},"end":{"line":933,"column":104}},"line":933},"176":{"name":"(anonymous_176)","decl":{"start":{"line":937,"column":20},"end":{"line":937,"column":21}},"loc":{"start":{"line":937,"column":33},"end":{"line":937,"column":98}},"line":937},"177":{"name":"(anonymous_177)","decl":{"start":{"line":941,"column":20},"end":{"line":941,"column":21}},"loc":{"start":{"line":941,"column":33},"end":{"line":941,"column":99}},"line":941},"178":{"name":"(anonymous_178)","decl":{"start":{"line":945,"column":20},"end":{"line":945,"column":21}},"loc":{"start":{"line":945,"column":33},"end":{"line":945,"column":98}},"line":945},"179":{"name":"(anonymous_179)","decl":{"start":{"line":949,"column":20},"end":{"line":949,"column":21}},"loc":{"start":{"line":949,"column":33},"end":{"line":949,"column":95}},"line":949},"180":{"name":"(anonymous_180)","decl":{"start":{"line":953,"column":20},"end":{"line":953,"column":21}},"loc":{"start":{"line":953,"column":33},"end":{"line":953,"column":100}},"line":953},"181":{"name":"(anonymous_181)","decl":{"start":{"line":957,"column":20},"end":{"line":957,"column":21}},"loc":{"start":{"line":957,"column":33},"end":{"line":957,"column":93}},"line":957},"182":{"name":"(anonymous_182)","decl":{"start":{"line":961,"column":20},"end":{"line":961,"column":21}},"loc":{"start":{"line":961,"column":33},"end":{"line":961,"column":95}},"line":961},"183":{"name":"(anonymous_183)","decl":{"start":{"line":965,"column":20},"end":{"line":965,"column":21}},"loc":{"start":{"line":965,"column":33},"end":{"line":965,"column":89}},"line":965},"184":{"name":"(anonymous_184)","decl":{"start":{"line":971,"column":17},"end":{"line":971,"column":18}},"loc":{"start":{"line":971,"column":30},"end":{"line":971,"column":78}},"line":971},"185":{"name":"(anonymous_185)","decl":{"start":{"line":975,"column":20},"end":{"line":975,"column":21}},"loc":{"start":{"line":975,"column":33},"end":{"line":975,"column":105}},"line":975},"186":{"name":"(anonymous_186)","decl":{"start":{"line":979,"column":20},"end":{"line":979,"column":21}},"loc":{"start":{"line":979,"column":33},"end":{"line":979,"column":99}},"line":979},"187":{"name":"(anonymous_187)","decl":{"start":{"line":983,"column":20},"end":{"line":983,"column":21}},"loc":{"start":{"line":983,"column":33},"end":{"line":983,"column":100}},"line":983},"188":{"name":"(anonymous_188)","decl":{"start":{"line":987,"column":20},"end":{"line":987,"column":21}},"loc":{"start":{"line":987,"column":33},"end":{"line":987,"column":99}},"line":987},"189":{"name":"(anonymous_189)","decl":{"start":{"line":991,"column":20},"end":{"line":991,"column":21}},"loc":{"start":{"line":991,"column":33},"end":{"line":991,"column":96}},"line":991},"190":{"name":"(anonymous_190)","decl":{"start":{"line":995,"column":20},"end":{"line":995,"column":21}},"loc":{"start":{"line":995,"column":33},"end":{"line":995,"column":94}},"line":995},"191":{"name":"(anonymous_191)","decl":{"start":{"line":999,"column":20},"end":{"line":999,"column":21}},"loc":{"start":{"line":999,"column":33},"end":{"line":999,"column":96}},"line":999},"192":{"name":"(anonymous_192)","decl":{"start":{"line":1007,"column":17},"end":{"line":1007,"column":18}},"loc":{"start":{"line":1007,"column":30},"end":{"line":1007,"column":78}},"line":1007},"193":{"name":"(anonymous_193)","decl":{"start":{"line":1011,"column":20},"end":{"line":1011,"column":21}},"loc":{"start":{"line":1011,"column":33},"end":{"line":1011,"column":100}},"line":1011},"194":{"name":"(anonymous_194)","decl":{"start":{"line":1015,"column":20},"end":{"line":1015,"column":21}},"loc":{"start":{"line":1016,"column":12},"end":{"line":1016,"column":102}},"line":1016},"195":{"name":"(anonymous_195)","decl":{"start":{"line":1020,"column":20},"end":{"line":1020,"column":21}},"loc":{"start":{"line":1021,"column":12},"end":{"line":1021,"column":100}},"line":1021},"196":{"name":"(anonymous_196)","decl":{"start":{"line":1029,"column":17},"end":{"line":1029,"column":18}},"loc":{"start":{"line":1029,"column":30},"end":{"line":1029,"column":80}},"line":1029},"197":{"name":"(anonymous_197)","decl":{"start":{"line":1033,"column":20},"end":{"line":1033,"column":21}},"loc":{"start":{"line":1033,"column":33},"end":{"line":1033,"column":90}},"line":1033},"198":{"name":"(anonymous_198)","decl":{"start":{"line":1037,"column":20},"end":{"line":1037,"column":21}},"loc":{"start":{"line":1037,"column":33},"end":{"line":1037,"column":89}},"line":1037},"199":{"name":"(anonymous_199)","decl":{"start":{"line":1043,"column":17},"end":{"line":1043,"column":18}},"loc":{"start":{"line":1043,"column":30},"end":{"line":1043,"column":77}},"line":1043},"200":{"name":"(anonymous_200)","decl":{"start":{"line":1047,"column":20},"end":{"line":1047,"column":21}},"loc":{"start":{"line":1047,"column":33},"end":{"line":1047,"column":86}},"line":1047},"201":{"name":"(anonymous_201)","decl":{"start":{"line":1053,"column":17},"end":{"line":1053,"column":18}},"loc":{"start":{"line":1053,"column":30},"end":{"line":1053,"column":78}},"line":1053},"202":{"name":"(anonymous_202)","decl":{"start":{"line":1057,"column":20},"end":{"line":1057,"column":21}},"loc":{"start":{"line":1057,"column":33},"end":{"line":1057,"column":87}},"line":1057},"203":{"name":"writeEntandoFiles","decl":{"start":{"line":1064,"column":9},"end":{"line":1064,"column":26}},"loc":{"start":{"line":1064,"column":29},"end":{"line":1095,"column":1}},"line":1064},"204":{"name":"(anonymous_204)","decl":{"start":{"line":1066,"column":4},"end":{"line":1066,"column":5}},"loc":{"start":{"line":1066,"column":18},"end":{"line":1070,"column":5}},"line":1066},"205":{"name":"(anonymous_205)","decl":{"start":{"line":1072,"column":4},"end":{"line":1072,"column":5}},"loc":{"start":{"line":1072,"column":29},"end":{"line":1074,"column":5}},"line":1072},"206":{"name":"(anonymous_206)","decl":{"start":{"line":1076,"column":4},"end":{"line":1076,"column":5}},"loc":{"start":{"line":1076,"column":30},"end":{"line":1080,"column":5}},"line":1076},"207":{"name":"(anonymous_207)","decl":{"start":{"line":1082,"column":4},"end":{"line":1082,"column":5}},"loc":{"start":{"line":1082,"column":29},"end":{"line":1086,"column":5}},"line":1082},"208":{"name":"(anonymous_208)","decl":{"start":{"line":1088,"column":4},"end":{"line":1088,"column":5}},"loc":{"start":{"line":1088,"column":18},"end":{"line":1093,"column":5}},"line":1088}},"branchMap":{"0":{"loc":{"start":{"line":56,"column":30},"end":{"line":56,"column":100}},"type":"binary-expr","locations":[{"start":{"line":56,"column":30},"end":{"line":56,"column":61}},{"start":{"line":56,"column":65},"end":{"line":56,"column":100}}],"line":56},"1":{"loc":{"start":{"line":73,"column":30},"end":{"line":73,"column":101}},"type":"binary-expr","locations":[{"start":{"line":73,"column":30},"end":{"line":73,"column":61}},{"start":{"line":73,"column":65},"end":{"line":73,"column":101}}],"line":73},"2":{"loc":{"start":{"line":1067,"column":6},"end":{"line":1069,"column":7}},"type":"if","locations":[{"start":{"line":1067,"column":6},"end":{"line":1069,"column":7}},{"start":{"line":1067,"column":6},"end":{"line":1069,"column":7}}],"line":1067},"3":{"loc":{"start":{"line":1077,"column":6},"end":{"line":1079,"column":7}},"type":"if","locations":[{"start":{"line":1077,"column":6},"end":{"line":1079,"column":7}},{"start":{"line":1077,"column":6},"end":{"line":1079,"column":7}}],"line":1077},"4":{"loc":{"start":{"line":1089,"column":6},"end":{"line":1092,"column":7}},"type":"if","locations":[{"start":{"line":1089,"column":6},"end":{"line":1092,"column":7}},{"start":{"line":1089,"column":6},"end":{"line":1092,"column":7}}],"line":1089}},"s":{"0":1,"1":1,"2":1,"3":1,"4":1,"5":1,"6":1,"7":4,"8":4,"9":3,"10":4,"11":3,"12":3,"13":4,"14":1,"15":1,"16":4,"17":1,"18":4,"19":3,"20":4,"21":3,"22":3,"23":1,"24":4,"25":4,"26":4,"27":4,"28":4,"29":4,"30":4,"31":4,"32":4,"33":4,"34":4,"35":4,"36":4,"37":4,"38":4,"39":4,"40":4,"41":4,"42":4,"43":4,"44":4,"45":4,"46":4,"47":4,"48":4,"49":4,"50":4,"51":4,"52":4,"53":4,"54":4,"55":4,"56":4,"57":4,"58":4,"59":4,"60":4,"61":4,"62":4,"63":4,"64":4,"65":4,"66":4,"67":4,"68":4,"69":4,"70":4,"71":4,"72":4,"73":4,"74":4,"75":4,"76":4,"77":4,"78":4,"79":4,"80":4,"81":4,"82":4,"83":4,"84":4,"85":4,"86":4,"87":4,"88":4,"89":4,"90":4,"91":4,"92":4,"93":4,"94":4,"95":4,"96":4,"97":4,"98":4,"99":4,"100":4,"101":4,"102":4,"103":4,"104":4,"105":4,"106":4,"107":4,"108":4,"109":4,"110":4,"111":4,"112":4,"113":4,"114":4,"115":4,"116":4,"117":4,"118":4,"119":4,"120":4,"121":4,"122":4,"123":4,"124":4,"125":4,"126":4,"127":4,"128":4,"129":4,"130":4,"131":4,"132":4,"133":4,"134":4,"135":4,"136":4,"137":4,"138":4,"139":4,"140":4,"141":4,"142":4,"143":4,"144":4,"145":4,"146":4,"147":4,"148":4,"149":4,"150":4,"151":4,"152":4,"153":4,"154":4,"155":4,"156":4,"157":4,"158":4,"159":4,"160":4,"161":4,"162":4,"163":4,"164":4,"165":4,"166":4,"167":4,"168":4,"169":4,"170":4,"171":4,"172":4,"173":4,"174":4,"175":4,"176":4,"177":4,"178":4,"179":4,"180":4,"181":4,"182":4,"183":4,"184":4,"185":4,"186":4,"187":4,"188":4,"189":4,"190":4,"191":4,"192":4,"193":4,"194":4,"195":4,"196":4,"197":4,"198":4,"199":4,"200":4,"201":4,"202":4,"203":4,"204":4,"205":4,"206":4,"207":4,"208":4,"209":4,"210":4,"211":4,"212":4,"213":4,"214":4,"215":4,"216":4,"217":4,"218":4,"219":4,"220":4,"221":4,"222":4,"223":1},"f":{"0":4,"1":4,"2":3,"3":4,"4":3,"5":3,"6":4,"7":1,"8":1,"9":4,"10":1,"11":4,"12":3,"13":4,"14":3,"15":3,"16":4,"17":4,"18":4,"19":4,"20":4,"21":4,"22":4,"23":4,"24":4,"25":4,"26":4,"27":4,"28":4,"29":4,"30":4,"31":4,"32":4,"33":4,"34":4,"35":4,"36":4,"37":4,"38":4,"39":4,"40":4,"41":4,"42":4,"43":4,"44":4,"45":4,"46":4,"47":4,"48":4,"49":4,"50":4,"51":4,"52":4,"53":4,"54":4,"55":4,"56":4,"57":4,"58":4,"59":4,"60":4,"61":4,"62":4,"63":4,"64":4,"65":4,"66":4,"67":4,"68":4,"69":4,"70":4,"71":4,"72":4,"73":4,"74":4,"75":4,"76":4,"77":4,"78":4,"79":4,"80":4,"81":4,"82":4,"83":4,"84":4,"85":4,"86":4,"87":4,"88":4,"89":4,"90":4,"91":4,"92":4,"93":4,"94":4,"95":4,"96":4,"97":4,"98":4,"99":4,"100":4,"101":4,"102":4,"103":4,"104":4,"105":4,"106":4,"107":4,"108":4,"109":4,"110":4,"111":4,"112":4,"113":4,"114":4,"115":4,"116":4,"117":4,"118":4,"119":4,"120":4,"121":4,"122":4,"123":4,"124":4,"125":4,"126":4,"127":4,"128":4,"129":4,"130":4,"131":4,"132":4,"133":4,"134":4,"135":4,"136":4,"137":4,"138":4,"139":4,"140":4,"141":4,"142":4,"143":4,"144":4,"145":4,"146":4,"147":4,"148":4,"149":4,"150":4,"151":4,"152":4,"153":4,"154":4,"155":4,"156":4,"157":4,"158":4,"159":4,"160":4,"161":4,"162":4,"163":4,"164":4,"165":4,"166":4,"167":4,"168":4,"169":4,"170":4,"171":4,"172":4,"173":4,"174":4,"175":4,"176":4,"177":4,"178":4,"179":4,"180":4,"181":4,"182":4,"183":4,"184":4,"185":4,"186":4,"187":4,"188":4,"189":4,"190":4,"191":4,"192":4,"193":4,"194":4,"195":4,"196":4,"197":4,"198":4,"199":4,"200":4,"201":4,"202":4,"203":4,"204":4,"205":4,"206":4,"207":4,"208":4},"b":{"0":[4,3],"1":[4,3],"2":[4,0],"3":[4,0],"4":[4,0]},"_coverageSchema":"1a1c01bbd47fc00a2c39e90264f33305004495a9","hash":"7bf2165533149620881b61f1e729b68f90d6bb78","contentHash":"dc9f3151c4f92f641e96f2bf1222e9603e1d899e3a307560082c14cedb4714ff"},"/Users/anthonyviard/projects/entando/entando-blueprint/generators/entity-server/needle-api/needle-server-bundle.js":{"path":"/Users/anthonyviard/projects/entando/entando-blueprint/generators/entity-server/needle-api/needle-server-bundle.js","statementMap":{"0":{"start":{"line":1,"column":14},"end":{"line":1,"column":30}},"1":{"start":{"line":2,"column":21},"end":{"line":2,"column":93}},"2":{"start":{"line":4,"column":23},"end":{"line":4,"column":47}},"3":{"start":{"line":5,"column":25},"end":{"line":5,"column":41}},"4":{"start":{"line":7,"column":0},"end":{"line":40,"column":2}},"5":{"start":{"line":9,"column":25},"end":{"line":10,"column":45}},"6":{"start":{"line":12,"column":20},"end":{"line":16,"column":5}},"7":{"start":{"line":19,"column":4},"end":{"line":26,"column":5}},"8":{"start":{"line":20,"column":31},"end":{"line":24,"column":7}},"9":{"start":{"line":25,"column":6},"end":{"line":25,"column":65}},"10":{"start":{"line":30,"column":25},"end":{"line":31,"column":45}},"11":{"start":{"line":32,"column":37},"end":{"line":32,"column":82}},"12":{"start":{"line":33,"column":34},"end":{"line":37,"column":5}},"13":{"start":{"line":38,"column":4},"end":{"line":38,"column":68}}},"fnMap":{"0":{"name":"(anonymous_0)","decl":{"start":{"line":8,"column":2},"end":{"line":8,"column":3}},"loc":{"start":{"line":8,"column":36},"end":{"line":27,"column":3}},"line":8},"1":{"name":"(anonymous_1)","decl":{"start":{"line":29,"column":2},"end":{"line":29,"column":3}},"loc":{"start":{"line":29,"column":45},"end":{"line":39,"column":3}},"line":29}},"branchMap":{},"s":{"0":1,"1":1,"2":1,"3":1,"4":1,"5":4,"6":4,"7":4,"8":12,"9":12,"10":4,"11":4,"12":4,"13":4},"f":{"0":4,"1":4},"b":{},"_coverageSchema":"1a1c01bbd47fc00a2c39e90264f33305004495a9","hash":"b9c9ef8a86c95cacec8c2b114bb1b623f8820296","contentHash":"aa4696ce34c4354cd819d7bc9de8dcf557b430bcd3cf67cd558ccbdbc3377846"}}